{"C:\\Users\\Tuan Anh\\Downloads\\LMS\\src\\app.js": {"path":"C:\\Users\\Tuan Anh\\Downloads\\LMS\\src\\app.js","statementMap":{"0":{"start":{"line":1,"column":13},"end":{"line":1,"column":28}},"1":{"start":{"line":2,"column":16},"end":{"line":2,"column":34}},"2":{"start":{"line":3,"column":15},"end":{"line":3,"column":32}},"3":{"start":{"line":4,"column":13},"end":{"line":4,"column":28}},"4":{"start":{"line":5,"column":15},"end":{"line":5,"column":32}},"5":{"start":{"line":6,"column":20},"end":{"line":6,"column":42}},"6":{"start":{"line":7,"column":21},"end":{"line":7,"column":45}},"7":{"start":{"line":8,"column":15},"end":{"line":8,"column":34}},"8":{"start":{"line":9,"column":42},"end":{"line":9,"column":83}},"9":{"start":{"line":10,"column":28},"end":{"line":10,"column":62}},"10":{"start":{"line":12,"column":12},"end":{"line":12,"column":21}},"11":{"start":{"line":14,"column":0},"end":{"line":14,"column":30}},"12":{"start":{"line":15,"column":0},"end":{"line":15,"column":48}},"13":{"start":{"line":17,"column":0},"end":{"line":17,"column":62}},"14":{"start":{"line":18,"column":0},"end":{"line":18,"column":24}},"15":{"start":{"line":19,"column":0},"end":{"line":19,"column":48}},"16":{"start":{"line":20,"column":0},"end":{"line":20,"column":24}},"17":{"start":{"line":21,"column":0},"end":{"line":21,"column":23}},"18":{"start":{"line":22,"column":0},"end":{"line":27,"column":2}},"19":{"start":{"line":28,"column":0},"end":{"line":28,"column":18}},"20":{"start":{"line":29,"column":0},"end":{"line":29,"column":23}},"21":{"start":{"line":31,"column":0},"end":{"line":31,"column":60}},"22":{"start":{"line":32,"column":0},"end":{"line":32,"column":37}},"23":{"start":{"line":33,"column":0},"end":{"line":33,"column":32}},"24":{"start":{"line":35,"column":0},"end":{"line":35,"column":25}},"25":{"start":{"line":36,"column":0},"end":{"line":36,"column":22}},"26":{"start":{"line":38,"column":0},"end":{"line":38,"column":21}}},"fnMap":{},"branchMap":{"0":{"loc":{"start":{"line":24,"column":12},"end":{"line":24,"column":54}},"type":"binary-expr","locations":[{"start":{"line":24,"column":12},"end":{"line":24,"column":46}},{"start":{"line":24,"column":50},"end":{"line":24,"column":54}}],"line":24}},"s":{"0":2,"1":2,"2":2,"3":2,"4":2,"5":2,"6":2,"7":2,"8":2,"9":2,"10":2,"11":2,"12":2,"13":2,"14":2,"15":2,"16":2,"17":2,"18":2,"19":2,"20":2,"21":2,"22":2,"23":2,"24":2,"25":2,"26":2},"f":{},"b":{"0":[2,2]},"_coverageSchema":"1a1c01bbd47fc00a2c39e90264f33305004495a9","hash":"3f885ad15289965e8c5c14b706a9a76156963230"}
,"C:\\Users\\Tuan Anh\\Downloads\\LMS\\src\\server.js": {"path":"C:\\Users\\Tuan Anh\\Downloads\\LMS\\src\\server.js","statementMap":{"0":{"start":{"line":1,"column":13},"end":{"line":1,"column":28}},"1":{"start":{"line":2,"column":12},"end":{"line":2,"column":28}},"2":{"start":{"line":3,"column":18},"end":{"line":3,"column":40}},"3":{"start":{"line":5,"column":13},"end":{"line":5,"column":37}},"4":{"start":{"line":6,"column":18},"end":{"line":6,"column":74}},"5":{"start":{"line":8,"column":20},"end":{"line":14,"column":1}},"6":{"start":{"line":9,"column":2},"end":{"line":9,"column":29}},"7":{"start":{"line":11,"column":2},"end":{"line":13,"column":5}},"8":{"start":{"line":12,"column":4},"end":{"line":12,"column":69}},"9":{"start":{"line":16,"column":0},"end":{"line":16,"column":14}}},"fnMap":{"0":{"name":"(anonymous_0)","decl":{"start":{"line":8,"column":20},"end":{"line":8,"column":21}},"loc":{"start":{"line":8,"column":32},"end":{"line":14,"column":1}},"line":8},"1":{"name":"(anonymous_1)","decl":{"start":{"line":11,"column":38},"end":{"line":11,"column":39}},"loc":{"start":{"line":11,"column":44},"end":{"line":13,"column":3}},"line":11}},"branchMap":{"0":{"loc":{"start":{"line":5,"column":13},"end":{"line":5,"column":37}},"type":"binary-expr","locations":[{"start":{"line":5,"column":13},"end":{"line":5,"column":29}},{"start":{"line":5,"column":33},"end":{"line":5,"column":37}}],"line":5},"1":{"loc":{"start":{"line":6,"column":18},"end":{"line":6,"column":74}},"type":"binary-expr","locations":[{"start":{"line":6,"column":18},"end":{"line":6,"column":39}},{"start":{"line":6,"column":43},"end":{"line":6,"column":74}}],"line":6}},"s":{"0":0,"1":0,"2":0,"3":0,"4":0,"5":0,"6":0,"7":0,"8":0,"9":0},"f":{"0":0,"1":0},"b":{"0":[0,0],"1":[0,0]}}
,"C:\\Users\\Tuan Anh\\Downloads\\LMS\\src\\config\\cloudinary.js": {"path":"C:\\Users\\Tuan Anh\\Downloads\\LMS\\src\\config\\cloudinary.js","statementMap":{"0":{"start":{"line":1,"column":19},"end":{"line":1,"column":43}},"1":{"start":{"line":3,"column":28},"end":{"line":15,"column":1}},"2":{"start":{"line":4,"column":79},"end":{"line":4,"column":90}},"3":{"start":{"line":6,"column":2},"end":{"line":13,"column":3}},"4":{"start":{"line":7,"column":4},"end":{"line":11,"column":7}},"5":{"start":{"line":12,"column":4},"end":{"line":12,"column":16}},"6":{"start":{"line":14,"column":2},"end":{"line":14,"column":15}},"7":{"start":{"line":17,"column":21},"end":{"line":17,"column":42}},"8":{"start":{"line":19,"column":0},"end":{"line":22,"column":2}}},"fnMap":{"0":{"name":"(anonymous_0)","decl":{"start":{"line":3,"column":28},"end":{"line":3,"column":29}},"loc":{"start":{"line":3,"column":34},"end":{"line":15,"column":1}},"line":3}},"branchMap":{"0":{"loc":{"start":{"line":6,"column":2},"end":{"line":13,"column":3}},"type":"if","locations":[{"start":{"line":6,"column":2},"end":{"line":13,"column":3}},{"start":{},"end":{}}],"line":6},"1":{"loc":{"start":{"line":6,"column":6},"end":{"line":6,"column":74}},"type":"binary-expr","locations":[{"start":{"line":6,"column":6},"end":{"line":6,"column":27}},{"start":{"line":6,"column":31},"end":{"line":6,"column":49}},{"start":{"line":6,"column":53},"end":{"line":6,"column":74}}],"line":6}},"s":{"0":2,"1":2,"2":2,"3":2,"4":0,"5":0,"6":2,"7":2,"8":2},"f":{"0":2},"b":{"0":[0,2],"1":[2,0,0]},"_coverageSchema":"1a1c01bbd47fc00a2c39e90264f33305004495a9","hash":"b450fa9167d5a98693bfcd8fbf7ac8581a381d46"}
,"C:\\Users\\Tuan Anh\\Downloads\\LMS\\src\\config\\db.js": {"path":"C:\\Users\\Tuan Anh\\Downloads\\LMS\\src\\config\\db.js","statementMap":{"0":{"start":{"line":1,"column":17},"end":{"line":1,"column":36}},"1":{"start":{"line":3,"column":18},"end":{"line":16,"column":1}},"2":{"start":{"line":4,"column":2},"end":{"line":15,"column":3}},"3":{"start":{"line":5,"column":4},"end":{"line":7,"column":5}},"4":{"start":{"line":6,"column":6},"end":{"line":6,"column":88}},"5":{"start":{"line":9,"column":4},"end":{"line":9,"column":38}},"6":{"start":{"line":10,"column":4},"end":{"line":10,"column":37}},"7":{"start":{"line":11,"column":4},"end":{"line":11,"column":39}},"8":{"start":{"line":13,"column":4},"end":{"line":13,"column":64}},"9":{"start":{"line":14,"column":4},"end":{"line":14,"column":20}},"10":{"start":{"line":18,"column":0},"end":{"line":18,"column":27}}},"fnMap":{"0":{"name":"(anonymous_0)","decl":{"start":{"line":3,"column":18},"end":{"line":3,"column":19}},"loc":{"start":{"line":3,"column":38},"end":{"line":16,"column":1}},"line":3}},"branchMap":{"0":{"loc":{"start":{"line":5,"column":4},"end":{"line":7,"column":5}},"type":"if","locations":[{"start":{"line":5,"column":4},"end":{"line":7,"column":5}},{"start":{},"end":{}}],"line":5}},"s":{"0":0,"1":0,"2":0,"3":0,"4":0,"5":0,"6":0,"7":0,"8":0,"9":0,"10":0},"f":{"0":0},"b":{"0":[0,0]}}
,"C:\\Users\\Tuan Anh\\Downloads\\LMS\\src\\constants\\roles.js": {"path":"C:\\Users\\Tuan Anh\\Downloads\\LMS\\src\\constants\\roles.js","statementMap":{"0":{"start":{"line":1,"column":0},"end":{"line":5,"column":2}}},"fnMap":{},"branchMap":{},"s":{"0":2},"f":{},"b":{},"_coverageSchema":"1a1c01bbd47fc00a2c39e90264f33305004495a9","hash":"e03f8962757a427b66469888b8d0b5cc1f5f1465"}
,"C:\\Users\\Tuan Anh\\Downloads\\LMS\\src\\controllers\\assignment.controller.js": {"path":"C:\\Users\\Tuan Anh\\Downloads\\LMS\\src\\controllers\\assignment.controller.js","statementMap":{"0":{"start":{"line":1,"column":20},"end":{"line":1,"column":51}},"1":{"start":{"line":2,"column":26},"end":{"line":2,"column":67}},"2":{"start":{"line":3,"column":21},"end":{"line":3,"column":59}},"3":{"start":{"line":5,"column":25},"end":{"line":8,"column":2}},"4":{"start":{"line":6,"column":21},"end":{"line":6,"column":71}},"5":{"start":{"line":7,"column":2},"end":{"line":7,"column":86}},"6":{"start":{"line":10,"column":24},"end":{"line":13,"column":2}},"7":{"start":{"line":11,"column":22},"end":{"line":11,"column":72}},"8":{"start":{"line":12,"column":2},"end":{"line":12,"column":88}},"9":{"start":{"line":15,"column":25},"end":{"line":18,"column":2}},"10":{"start":{"line":16,"column":21},"end":{"line":16,"column":86}},"11":{"start":{"line":17,"column":2},"end":{"line":17,"column":86}},"12":{"start":{"line":20,"column":25},"end":{"line":23,"column":2}},"13":{"start":{"line":21,"column":2},"end":{"line":21,"column":58}},"14":{"start":{"line":22,"column":2},"end":{"line":22,"column":32}},"15":{"start":{"line":25,"column":19},"end":{"line":31,"column":2}},"16":{"start":{"line":26,"column":21},"end":{"line":29,"column":4}},"17":{"start":{"line":30,"column":2},"end":{"line":30,"column":86}},"18":{"start":{"line":33,"column":24},"end":{"line":37,"column":2}},"19":{"start":{"line":34,"column":17},"end":{"line":34,"column":83}},"20":{"start":{"line":35,"column":22},"end":{"line":35,"column":69}},"21":{"start":{"line":36,"column":2},"end":{"line":36,"column":88}},"22":{"start":{"line":39,"column":24},"end":{"line":42,"column":2}},"23":{"start":{"line":40,"column":21},"end":{"line":40,"column":85}},"24":{"start":{"line":41,"column":2},"end":{"line":41,"column":85}},"25":{"start":{"line":44,"column":0},"end":{"line":52,"column":2}}},"fnMap":{"0":{"name":"(anonymous_0)","decl":{"start":{"line":5,"column":38},"end":{"line":5,"column":39}},"loc":{"start":{"line":5,"column":58},"end":{"line":8,"column":1}},"line":5},"1":{"name":"(anonymous_1)","decl":{"start":{"line":10,"column":37},"end":{"line":10,"column":38}},"loc":{"start":{"line":10,"column":57},"end":{"line":13,"column":1}},"line":10},"2":{"name":"(anonymous_2)","decl":{"start":{"line":15,"column":38},"end":{"line":15,"column":39}},"loc":{"start":{"line":15,"column":58},"end":{"line":18,"column":1}},"line":15},"3":{"name":"(anonymous_3)","decl":{"start":{"line":20,"column":38},"end":{"line":20,"column":39}},"loc":{"start":{"line":20,"column":58},"end":{"line":23,"column":1}},"line":20},"4":{"name":"(anonymous_4)","decl":{"start":{"line":25,"column":32},"end":{"line":25,"column":33}},"loc":{"start":{"line":25,"column":52},"end":{"line":31,"column":1}},"line":25},"5":{"name":"(anonymous_5)","decl":{"start":{"line":33,"column":37},"end":{"line":33,"column":38}},"loc":{"start":{"line":33,"column":57},"end":{"line":37,"column":1}},"line":33},"6":{"name":"(anonymous_6)","decl":{"start":{"line":39,"column":37},"end":{"line":39,"column":38}},"loc":{"start":{"line":39,"column":57},"end":{"line":42,"column":1}},"line":39}},"branchMap":{"0":{"loc":{"start":{"line":34,"column":17},"end":{"line":34,"column":83}},"type":"cond-expr","locations":[{"start":{"line":34,"column":47},"end":{"line":34,"column":71}},{"start":{"line":34,"column":74},"end":{"line":34,"column":83}}],"line":34}},"s":{"0":2,"1":2,"2":2,"3":2,"4":0,"5":0,"6":2,"7":0,"8":0,"9":2,"10":0,"11":0,"12":2,"13":0,"14":0,"15":2,"16":0,"17":0,"18":2,"19":0,"20":0,"21":0,"22":2,"23":0,"24":0,"25":2},"f":{"0":0,"1":0,"2":0,"3":0,"4":0,"5":0,"6":0},"b":{"0":[0,0]},"_coverageSchema":"1a1c01bbd47fc00a2c39e90264f33305004495a9","hash":"9f9e45625b9b75bdeb4d10035a17315d5178522c"}
,"C:\\Users\\Tuan Anh\\Downloads\\LMS\\src\\controllers\\attempt.controller.js": {"path":"C:\\Users\\Tuan Anh\\Downloads\\LMS\\src\\controllers\\attempt.controller.js","statementMap":{"0":{"start":{"line":1,"column":20},"end":{"line":1,"column":51}},"1":{"start":{"line":2,"column":17},"end":{"line":2,"column":45}},"2":{"start":{"line":3,"column":21},"end":{"line":3,"column":59}},"3":{"start":{"line":4,"column":23},"end":{"line":4,"column":61}},"4":{"start":{"line":5,"column":14},"end":{"line":5,"column":43}},"5":{"start":{"line":7,"column":22},"end":{"line":15,"column":2}},"6":{"start":{"line":8,"column":17},"end":{"line":13,"column":4}},"7":{"start":{"line":14,"column":2},"end":{"line":14,"column":80}},"8":{"start":{"line":17,"column":19},"end":{"line":20,"column":2}},"9":{"start":{"line":18,"column":19},"end":{"line":18,"column":72}},"10":{"start":{"line":19,"column":2},"end":{"line":19,"column":82}},"11":{"start":{"line":22,"column":21},"end":{"line":28,"column":2}},"12":{"start":{"line":23,"column":2},"end":{"line":25,"column":3}},"13":{"start":{"line":24,"column":4},"end":{"line":24,"column":41}},"14":{"start":{"line":26,"column":19},"end":{"line":26,"column":78}},"15":{"start":{"line":27,"column":2},"end":{"line":27,"column":87}},"16":{"start":{"line":30,"column":0},"end":{"line":34,"column":2}}},"fnMap":{"0":{"name":"(anonymous_0)","decl":{"start":{"line":7,"column":35},"end":{"line":7,"column":36}},"loc":{"start":{"line":7,"column":55},"end":{"line":15,"column":1}},"line":7},"1":{"name":"(anonymous_1)","decl":{"start":{"line":17,"column":32},"end":{"line":17,"column":33}},"loc":{"start":{"line":17,"column":52},"end":{"line":20,"column":1}},"line":17},"2":{"name":"(anonymous_2)","decl":{"start":{"line":22,"column":34},"end":{"line":22,"column":35}},"loc":{"start":{"line":22,"column":54},"end":{"line":28,"column":1}},"line":22}},"branchMap":{"0":{"loc":{"start":{"line":23,"column":2},"end":{"line":25,"column":3}},"type":"if","locations":[{"start":{"line":23,"column":2},"end":{"line":25,"column":3}},{"start":{},"end":{}}],"line":23}},"s":{"0":2,"1":2,"2":2,"3":2,"4":2,"5":2,"6":0,"7":0,"8":2,"9":0,"10":0,"11":2,"12":0,"13":0,"14":0,"15":0,"16":2},"f":{"0":0,"1":0,"2":0},"b":{"0":[0,0]},"_coverageSchema":"1a1c01bbd47fc00a2c39e90264f33305004495a9","hash":"ea089d4f4eaa63c29b344baa5ac84a175dbdaa9e"}
,"C:\\Users\\Tuan Anh\\Downloads\\LMS\\src\\controllers\\auth.controller.js": {"path":"C:\\Users\\Tuan Anh\\Downloads\\LMS\\src\\controllers\\auth.controller.js","statementMap":{"0":{"start":{"line":1,"column":20},"end":{"line":1,"column":51}},"1":{"start":{"line":2,"column":20},"end":{"line":2,"column":55}},"2":{"start":{"line":3,"column":21},"end":{"line":3,"column":59}},"3":{"start":{"line":5,"column":27},"end":{"line":8,"column":2}},"4":{"start":{"line":5,"column":37},"end":{"line":8,"column":1}},"5":{"start":{"line":10,"column":17},"end":{"line":13,"column":2}},"6":{"start":{"line":11,"column":17},"end":{"line":11,"column":78}},"7":{"start":{"line":12,"column":2},"end":{"line":12,"column":92}},"8":{"start":{"line":15,"column":14},"end":{"line":18,"column":2}},"9":{"start":{"line":16,"column":17},"end":{"line":16,"column":75}},"10":{"start":{"line":17,"column":2},"end":{"line":17,"column":86}},"11":{"start":{"line":20,"column":15},"end":{"line":23,"column":2}},"12":{"start":{"line":21,"column":2},"end":{"line":21,"column":63}},"13":{"start":{"line":22,"column":2},"end":{"line":22,"column":79}},"14":{"start":{"line":25,"column":21},"end":{"line":28,"column":2}},"15":{"start":{"line":26,"column":17},"end":{"line":26,"column":97}},"16":{"start":{"line":27,"column":2},"end":{"line":27,"column":79}},"17":{"start":{"line":30,"column":23},"end":{"line":33,"column":2}},"18":{"start":{"line":31,"column":2},"end":{"line":31,"column":51}},"19":{"start":{"line":32,"column":2},"end":{"line":32,"column":99}},"20":{"start":{"line":35,"column":22},"end":{"line":38,"column":2}},"21":{"start":{"line":36,"column":2},"end":{"line":36,"column":69}},"22":{"start":{"line":37,"column":2},"end":{"line":37,"column":85}},"23":{"start":{"line":40,"column":19},"end":{"line":43,"column":2}},"24":{"start":{"line":41,"column":18},"end":{"line":41,"column":59}},"25":{"start":{"line":42,"column":2},"end":{"line":42,"column":80}},"26":{"start":{"line":45,"column":22},"end":{"line":48,"column":2}},"27":{"start":{"line":46,"column":18},"end":{"line":46,"column":72}},"28":{"start":{"line":47,"column":2},"end":{"line":47,"column":80}},"29":{"start":{"line":50,"column":23},"end":{"line":53,"column":2}},"30":{"start":{"line":51,"column":2},"end":{"line":51,"column":96}},"31":{"start":{"line":52,"column":2},"end":{"line":52,"column":85}},"32":{"start":{"line":55,"column":0},"end":{"line":65,"column":2}}},"fnMap":{"0":{"name":"(anonymous_0)","decl":{"start":{"line":5,"column":27},"end":{"line":5,"column":28}},"loc":{"start":{"line":5,"column":37},"end":{"line":8,"column":1}},"line":5},"1":{"name":"(anonymous_1)","decl":{"start":{"line":10,"column":30},"end":{"line":10,"column":31}},"loc":{"start":{"line":10,"column":50},"end":{"line":13,"column":1}},"line":10},"2":{"name":"(anonymous_2)","decl":{"start":{"line":15,"column":27},"end":{"line":15,"column":28}},"loc":{"start":{"line":15,"column":47},"end":{"line":18,"column":1}},"line":15},"3":{"name":"(anonymous_3)","decl":{"start":{"line":20,"column":28},"end":{"line":20,"column":29}},"loc":{"start":{"line":20,"column":48},"end":{"line":23,"column":1}},"line":20},"4":{"name":"(anonymous_4)","decl":{"start":{"line":25,"column":34},"end":{"line":25,"column":35}},"loc":{"start":{"line":25,"column":54},"end":{"line":28,"column":1}},"line":25},"5":{"name":"(anonymous_5)","decl":{"start":{"line":30,"column":36},"end":{"line":30,"column":37}},"loc":{"start":{"line":30,"column":56},"end":{"line":33,"column":1}},"line":30},"6":{"name":"(anonymous_6)","decl":{"start":{"line":35,"column":35},"end":{"line":35,"column":36}},"loc":{"start":{"line":35,"column":55},"end":{"line":38,"column":1}},"line":35},"7":{"name":"(anonymous_7)","decl":{"start":{"line":40,"column":32},"end":{"line":40,"column":33}},"loc":{"start":{"line":40,"column":52},"end":{"line":43,"column":1}},"line":40},"8":{"name":"(anonymous_8)","decl":{"start":{"line":45,"column":35},"end":{"line":45,"column":36}},"loc":{"start":{"line":45,"column":55},"end":{"line":48,"column":1}},"line":45},"9":{"name":"(anonymous_9)","decl":{"start":{"line":50,"column":36},"end":{"line":50,"column":37}},"loc":{"start":{"line":50,"column":56},"end":{"line":53,"column":1}},"line":50}},"branchMap":{"0":{"loc":{"start":{"line":6,"column":10},"end":{"line":6,"column":51}},"type":"binary-expr","locations":[{"start":{"line":6,"column":10},"end":{"line":6,"column":31}},{"start":{"line":6,"column":35},"end":{"line":6,"column":51}}],"line":6}},"s":{"0":2,"1":2,"2":2,"3":2,"4":3,"5":2,"6":2,"7":2,"8":2,"9":1,"10":1,"11":2,"12":0,"13":0,"14":2,"15":0,"16":0,"17":2,"18":0,"19":0,"20":2,"21":0,"22":0,"23":2,"24":0,"25":0,"26":2,"27":0,"28":0,"29":2,"30":0,"31":0,"32":2},"f":{"0":3,"1":2,"2":1,"3":0,"4":0,"5":0,"6":0,"7":0,"8":0,"9":0},"b":{"0":[3,3]},"_coverageSchema":"1a1c01bbd47fc00a2c39e90264f33305004495a9","hash":"77867e1ca9de07ff5544b85a120331fab03a22b9"}
,"C:\\Users\\Tuan Anh\\Downloads\\LMS\\src\\controllers\\chapter.controller.js": {"path":"C:\\Users\\Tuan Anh\\Downloads\\LMS\\src\\controllers\\chapter.controller.js","statementMap":{"0":{"start":{"line":1,"column":20},"end":{"line":1,"column":51}},"1":{"start":{"line":2,"column":21},"end":{"line":2,"column":59}},"2":{"start":{"line":3,"column":23},"end":{"line":3,"column":61}},"3":{"start":{"line":5,"column":22},"end":{"line":8,"column":2}},"4":{"start":{"line":6,"column":18},"end":{"line":6,"column":62}},"5":{"start":{"line":7,"column":2},"end":{"line":7,"column":80}},"6":{"start":{"line":10,"column":21},"end":{"line":13,"column":2}},"7":{"start":{"line":11,"column":19},"end":{"line":11,"column":73}},"8":{"start":{"line":12,"column":2},"end":{"line":12,"column":82}},"9":{"start":{"line":15,"column":22},"end":{"line":18,"column":2}},"10":{"start":{"line":16,"column":18},"end":{"line":16,"column":77}},"11":{"start":{"line":17,"column":2},"end":{"line":17,"column":80}},"12":{"start":{"line":20,"column":22},"end":{"line":23,"column":2}},"13":{"start":{"line":21,"column":2},"end":{"line":21,"column":52}},"14":{"start":{"line":22,"column":2},"end":{"line":22,"column":32}},"15":{"start":{"line":25,"column":0},"end":{"line":30,"column":2}}},"fnMap":{"0":{"name":"(anonymous_0)","decl":{"start":{"line":5,"column":35},"end":{"line":5,"column":36}},"loc":{"start":{"line":5,"column":55},"end":{"line":8,"column":1}},"line":5},"1":{"name":"(anonymous_1)","decl":{"start":{"line":10,"column":34},"end":{"line":10,"column":35}},"loc":{"start":{"line":10,"column":54},"end":{"line":13,"column":1}},"line":10},"2":{"name":"(anonymous_2)","decl":{"start":{"line":15,"column":35},"end":{"line":15,"column":36}},"loc":{"start":{"line":15,"column":55},"end":{"line":18,"column":1}},"line":15},"3":{"name":"(anonymous_3)","decl":{"start":{"line":20,"column":35},"end":{"line":20,"column":36}},"loc":{"start":{"line":20,"column":55},"end":{"line":23,"column":1}},"line":20}},"branchMap":{},"s":{"0":2,"1":2,"2":2,"3":2,"4":0,"5":0,"6":2,"7":0,"8":0,"9":2,"10":0,"11":0,"12":2,"13":0,"14":0,"15":2},"f":{"0":0,"1":0,"2":0,"3":0},"b":{},"_coverageSchema":"1a1c01bbd47fc00a2c39e90264f33305004495a9","hash":"6bbe2a1b7563b2b6e875b229e39cc688e92daeaf"}
,"C:\\Users\\Tuan Anh\\Downloads\\LMS\\src\\controllers\\course.controller.js": {"path":"C:\\Users\\Tuan Anh\\Downloads\\LMS\\src\\controllers\\course.controller.js","statementMap":{"0":{"start":{"line":1,"column":20},"end":{"line":1,"column":51}},"1":{"start":{"line":2,"column":22},"end":{"line":2,"column":59}},"2":{"start":{"line":3,"column":22},"end":{"line":3,"column":59}},"3":{"start":{"line":4,"column":23},"end":{"line":4,"column":61}},"4":{"start":{"line":5,"column":24},"end":{"line":5,"column":59}},"5":{"start":{"line":6,"column":21},"end":{"line":6,"column":59}},"6":{"start":{"line":8,"column":21},"end":{"line":16,"column":2}},"7":{"start":{"line":9,"column":20},"end":{"line":9,"column":47}},"8":{"start":{"line":10,"column":17},"end":{"line":14,"column":4}},"9":{"start":{"line":15,"column":2},"end":{"line":15,"column":78}},"10":{"start":{"line":18,"column":20},"end":{"line":21,"column":2}},"11":{"start":{"line":19,"column":18},"end":{"line":19,"column":60}},"12":{"start":{"line":20,"column":2},"end":{"line":20,"column":80}},"13":{"start":{"line":23,"column":18},"end":{"line":28,"column":2}},"14":{"start":{"line":24,"column":17},"end":{"line":24,"column":65}},"15":{"start":{"line":25,"column":19},"end":{"line":25,"column":67}},"16":{"start":{"line":26,"column":18},"end":{"line":26,"column":78}},"17":{"start":{"line":27,"column":2},"end":{"line":27,"column":101}},"18":{"start":{"line":30,"column":21},"end":{"line":37,"column":2}},"19":{"start":{"line":31,"column":20},"end":{"line":31,"column":47}},"20":{"start":{"line":32,"column":17},"end":{"line":35,"column":4}},"21":{"start":{"line":36,"column":2},"end":{"line":36,"column":78}},"22":{"start":{"line":39,"column":21},"end":{"line":42,"column":2}},"23":{"start":{"line":40,"column":2},"end":{"line":40,"column":50}},"24":{"start":{"line":41,"column":2},"end":{"line":41,"column":32}},"25":{"start":{"line":44,"column":0},"end":{"line":50,"column":2}}},"fnMap":{"0":{"name":"(anonymous_0)","decl":{"start":{"line":8,"column":34},"end":{"line":8,"column":35}},"loc":{"start":{"line":8,"column":54},"end":{"line":16,"column":1}},"line":8},"1":{"name":"(anonymous_1)","decl":{"start":{"line":18,"column":33},"end":{"line":18,"column":34}},"loc":{"start":{"line":18,"column":53},"end":{"line":21,"column":1}},"line":18},"2":{"name":"(anonymous_2)","decl":{"start":{"line":23,"column":31},"end":{"line":23,"column":32}},"loc":{"start":{"line":23,"column":51},"end":{"line":28,"column":1}},"line":23},"3":{"name":"(anonymous_3)","decl":{"start":{"line":30,"column":34},"end":{"line":30,"column":35}},"loc":{"start":{"line":30,"column":54},"end":{"line":37,"column":1}},"line":30},"4":{"name":"(anonymous_4)","decl":{"start":{"line":39,"column":34},"end":{"line":39,"column":35}},"loc":{"start":{"line":39,"column":54},"end":{"line":42,"column":1}},"line":39}},"branchMap":{"0":{"loc":{"start":{"line":13,"column":8},"end":{"line":13,"column":38}},"type":"cond-expr","locations":[{"start":{"line":13,"column":20},"end":{"line":13,"column":33}},{"start":{"line":13,"column":36},"end":{"line":13,"column":38}}],"line":13},"1":{"loc":{"start":{"line":34,"column":8},"end":{"line":34,"column":38}},"type":"cond-expr","locations":[{"start":{"line":34,"column":20},"end":{"line":34,"column":33}},{"start":{"line":34,"column":36},"end":{"line":34,"column":38}}],"line":34}},"s":{"0":2,"1":2,"2":2,"3":2,"4":2,"5":2,"6":2,"7":2,"8":2,"9":2,"10":2,"11":1,"12":1,"13":2,"14":0,"15":0,"16":0,"17":0,"18":2,"19":0,"20":0,"21":0,"22":2,"23":0,"24":0,"25":2},"f":{"0":2,"1":1,"2":0,"3":0,"4":0},"b":{"0":[0,2],"1":[0,0]},"_coverageSchema":"1a1c01bbd47fc00a2c39e90264f33305004495a9","hash":"73343a0a999529beafc911d3b292bd07d74309a6"}
,"C:\\Users\\Tuan Anh\\Downloads\\LMS\\src\\controllers\\enrollment.controller.js": {"path":"C:\\Users\\Tuan Anh\\Downloads\\LMS\\src\\controllers\\enrollment.controller.js","statementMap":{"0":{"start":{"line":1,"column":20},"end":{"line":1,"column":51}},"1":{"start":{"line":2,"column":26},"end":{"line":2,"column":67}},"2":{"start":{"line":3,"column":21},"end":{"line":3,"column":59}},"3":{"start":{"line":5,"column":15},"end":{"line":8,"column":2}},"4":{"start":{"line":6,"column":21},"end":{"line":6,"column":97}},"5":{"start":{"line":7,"column":2},"end":{"line":7,"column":89}},"6":{"start":{"line":10,"column":24},"end":{"line":14,"column":2}},"7":{"start":{"line":11,"column":17},"end":{"line":11,"column":83}},"8":{"start":{"line":12,"column":22},"end":{"line":12,"column":69}},"9":{"start":{"line":13,"column":2},"end":{"line":13,"column":88}},"10":{"start":{"line":16,"column":23},"end":{"line":19,"column":2}},"11":{"start":{"line":17,"column":21},"end":{"line":17,"column":93}},"12":{"start":{"line":18,"column":2},"end":{"line":18,"column":84}},"13":{"start":{"line":21,"column":0},"end":{"line":25,"column":2}}},"fnMap":{"0":{"name":"(anonymous_0)","decl":{"start":{"line":5,"column":28},"end":{"line":5,"column":29}},"loc":{"start":{"line":5,"column":48},"end":{"line":8,"column":1}},"line":5},"1":{"name":"(anonymous_1)","decl":{"start":{"line":10,"column":37},"end":{"line":10,"column":38}},"loc":{"start":{"line":10,"column":57},"end":{"line":14,"column":1}},"line":10},"2":{"name":"(anonymous_2)","decl":{"start":{"line":16,"column":36},"end":{"line":16,"column":37}},"loc":{"start":{"line":16,"column":56},"end":{"line":19,"column":1}},"line":16}},"branchMap":{"0":{"loc":{"start":{"line":11,"column":17},"end":{"line":11,"column":83}},"type":"cond-expr","locations":[{"start":{"line":11,"column":47},"end":{"line":11,"column":71}},{"start":{"line":11,"column":74},"end":{"line":11,"column":83}}],"line":11}},"s":{"0":2,"1":2,"2":2,"3":2,"4":0,"5":0,"6":2,"7":0,"8":0,"9":0,"10":2,"11":0,"12":0,"13":2},"f":{"0":0,"1":0,"2":0},"b":{"0":[0,0]},"_coverageSchema":"1a1c01bbd47fc00a2c39e90264f33305004495a9","hash":"4d7930e21094b565e13c4b2c3d526e9791a51638"}
,"C:\\Users\\Tuan Anh\\Downloads\\LMS\\src\\controllers\\lesson.controller.js": {"path":"C:\\Users\\Tuan Anh\\Downloads\\LMS\\src\\controllers\\lesson.controller.js","statementMap":{"0":{"start":{"line":1,"column":20},"end":{"line":1,"column":51}},"1":{"start":{"line":2,"column":22},"end":{"line":2,"column":59}},"2":{"start":{"line":3,"column":21},"end":{"line":3,"column":59}},"3":{"start":{"line":5,"column":18},"end":{"line":8,"column":2}},"4":{"start":{"line":6,"column":17},"end":{"line":6,"column":56}},"5":{"start":{"line":7,"column":2},"end":{"line":7,"column":78}},"6":{"start":{"line":10,"column":20},"end":{"line":16,"column":2}},"7":{"start":{"line":11,"column":18},"end":{"line":14,"column":4}},"8":{"start":{"line":15,"column":2},"end":{"line":15,"column":80}},"9":{"start":{"line":18,"column":21},"end":{"line":21,"column":2}},"10":{"start":{"line":19,"column":17},"end":{"line":19,"column":74}},"11":{"start":{"line":20,"column":2},"end":{"line":20,"column":78}},"12":{"start":{"line":23,"column":21},"end":{"line":26,"column":2}},"13":{"start":{"line":24,"column":2},"end":{"line":24,"column":50}},"14":{"start":{"line":25,"column":2},"end":{"line":25,"column":32}},"15":{"start":{"line":28,"column":0},"end":{"line":33,"column":2}}},"fnMap":{"0":{"name":"(anonymous_0)","decl":{"start":{"line":5,"column":31},"end":{"line":5,"column":32}},"loc":{"start":{"line":5,"column":51},"end":{"line":8,"column":1}},"line":5},"1":{"name":"(anonymous_1)","decl":{"start":{"line":10,"column":33},"end":{"line":10,"column":34}},"loc":{"start":{"line":10,"column":53},"end":{"line":16,"column":1}},"line":10},"2":{"name":"(anonymous_2)","decl":{"start":{"line":18,"column":34},"end":{"line":18,"column":35}},"loc":{"start":{"line":18,"column":54},"end":{"line":21,"column":1}},"line":18},"3":{"name":"(anonymous_3)","decl":{"start":{"line":23,"column":34},"end":{"line":23,"column":35}},"loc":{"start":{"line":23,"column":54},"end":{"line":26,"column":1}},"line":23}},"branchMap":{},"s":{"0":2,"1":2,"2":2,"3":2,"4":0,"5":0,"6":2,"7":0,"8":0,"9":2,"10":0,"11":0,"12":2,"13":0,"14":0,"15":2},"f":{"0":0,"1":0,"2":0,"3":0},"b":{},"_coverageSchema":"1a1c01bbd47fc00a2c39e90264f33305004495a9","hash":"8284f2143e050714472e4a9966395a919096b664"}
,"C:\\Users\\Tuan Anh\\Downloads\\LMS\\src\\controllers\\quiz.controller.js": {"path":"C:\\Users\\Tuan Anh\\Downloads\\LMS\\src\\controllers\\quiz.controller.js","statementMap":{"0":{"start":{"line":1,"column":20},"end":{"line":1,"column":51}},"1":{"start":{"line":2,"column":21},"end":{"line":2,"column":59}},"2":{"start":{"line":3,"column":20},"end":{"line":3,"column":55}},"3":{"start":{"line":5,"column":19},"end":{"line":8,"column":2}},"4":{"start":{"line":6,"column":15},"end":{"line":6,"column":53}},"5":{"start":{"line":7,"column":2},"end":{"line":7,"column":74}},"6":{"start":{"line":10,"column":19},"end":{"line":13,"column":2}},"7":{"start":{"line":11,"column":15},"end":{"line":11,"column":68}},"8":{"start":{"line":12,"column":2},"end":{"line":12,"column":74}},"9":{"start":{"line":15,"column":16},"end":{"line":19,"column":2}},"10":{"start":{"line":16,"column":25},"end":{"line":16,"column":86}},"11":{"start":{"line":17,"column":15},"end":{"line":17,"column":101}},"12":{"start":{"line":18,"column":2},"end":{"line":18,"column":74}},"13":{"start":{"line":21,"column":20},"end":{"line":24,"column":2}},"14":{"start":{"line":22,"column":18},"end":{"line":22,"column":76}},"15":{"start":{"line":23,"column":2},"end":{"line":23,"column":80}},"16":{"start":{"line":26,"column":19},"end":{"line":29,"column":2}},"17":{"start":{"line":27,"column":2},"end":{"line":27,"column":46}},"18":{"start":{"line":28,"column":2},"end":{"line":28,"column":32}},"19":{"start":{"line":31,"column":0},"end":{"line":37,"column":2}}},"fnMap":{"0":{"name":"(anonymous_0)","decl":{"start":{"line":5,"column":32},"end":{"line":5,"column":33}},"loc":{"start":{"line":5,"column":52},"end":{"line":8,"column":1}},"line":5},"1":{"name":"(anonymous_1)","decl":{"start":{"line":10,"column":32},"end":{"line":10,"column":33}},"loc":{"start":{"line":10,"column":52},"end":{"line":13,"column":1}},"line":10},"2":{"name":"(anonymous_2)","decl":{"start":{"line":15,"column":29},"end":{"line":15,"column":30}},"loc":{"start":{"line":15,"column":49},"end":{"line":19,"column":1}},"line":15},"3":{"name":"(anonymous_3)","decl":{"start":{"line":21,"column":33},"end":{"line":21,"column":34}},"loc":{"start":{"line":21,"column":53},"end":{"line":24,"column":1}},"line":21},"4":{"name":"(anonymous_4)","decl":{"start":{"line":26,"column":32},"end":{"line":26,"column":33}},"loc":{"start":{"line":26,"column":52},"end":{"line":29,"column":1}},"line":26}},"branchMap":{"0":{"loc":{"start":{"line":16,"column":25},"end":{"line":16,"column":86}},"type":"binary-expr","locations":[{"start":{"line":16,"column":25},"end":{"line":16,"column":51}},{"start":{"line":16,"column":55},"end":{"line":16,"column":86}}],"line":16}},"s":{"0":2,"1":2,"2":2,"3":2,"4":0,"5":0,"6":2,"7":0,"8":0,"9":2,"10":0,"11":0,"12":0,"13":2,"14":0,"15":0,"16":2,"17":0,"18":0,"19":2},"f":{"0":0,"1":0,"2":0,"3":0,"4":0},"b":{"0":[0,0]},"_coverageSchema":"1a1c01bbd47fc00a2c39e90264f33305004495a9","hash":"95fcf453266d3cac62b27c9a87bd1b1340a1af93"}
,"C:\\Users\\Tuan Anh\\Downloads\\LMS\\src\\controllers\\user.controller.js": {"path":"C:\\Users\\Tuan Anh\\Downloads\\LMS\\src\\controllers\\user.controller.js","statementMap":{"0":{"start":{"line":1,"column":20},"end":{"line":1,"column":51}},"1":{"start":{"line":2,"column":20},"end":{"line":2,"column":55}},"2":{"start":{"line":3,"column":21},"end":{"line":3,"column":59}},"3":{"start":{"line":5,"column":18},"end":{"line":8,"column":2}},"4":{"start":{"line":6,"column":17},"end":{"line":6,"column":59}},"5":{"start":{"line":7,"column":2},"end":{"line":7,"column":77}},"6":{"start":{"line":10,"column":16},"end":{"line":13,"column":2}},"7":{"start":{"line":11,"column":15},"end":{"line":11,"column":59}},"8":{"start":{"line":12,"column":2},"end":{"line":12,"column":74}},"9":{"start":{"line":15,"column":22},"end":{"line":18,"column":2}},"10":{"start":{"line":16,"column":15},"end":{"line":16,"column":69}},"11":{"start":{"line":17,"column":2},"end":{"line":17,"column":77}},"12":{"start":{"line":20,"column":0},"end":{"line":24,"column":2}}},"fnMap":{"0":{"name":"(anonymous_0)","decl":{"start":{"line":5,"column":31},"end":{"line":5,"column":32}},"loc":{"start":{"line":5,"column":51},"end":{"line":8,"column":1}},"line":5},"1":{"name":"(anonymous_1)","decl":{"start":{"line":10,"column":29},"end":{"line":10,"column":30}},"loc":{"start":{"line":10,"column":49},"end":{"line":13,"column":1}},"line":10},"2":{"name":"(anonymous_2)","decl":{"start":{"line":15,"column":35},"end":{"line":15,"column":36}},"loc":{"start":{"line":15,"column":55},"end":{"line":18,"column":1}},"line":15}},"branchMap":{},"s":{"0":2,"1":2,"2":2,"3":2,"4":0,"5":0,"6":2,"7":0,"8":0,"9":2,"10":0,"11":0,"12":2},"f":{"0":0,"1":0,"2":0},"b":{},"_coverageSchema":"1a1c01bbd47fc00a2c39e90264f33305004495a9","hash":"ff9a45428651f88e17ba6ce8d840d1474e85a3cf"}
,"C:\\Users\\Tuan Anh\\Downloads\\LMS\\src\\controllers\\view.controller.js": {"path":"C:\\Users\\Tuan Anh\\Downloads\\LMS\\src\\controllers\\view.controller.js","statementMap":{"0":{"start":{"line":1,"column":22},"end":{"line":1,"column":59}},"1":{"start":{"line":2,"column":26},"end":{"line":2,"column":67}},"2":{"start":{"line":3,"column":17},"end":{"line":3,"column":45}},"3":{"start":{"line":4,"column":14},"end":{"line":4,"column":43}},"4":{"start":{"line":6,"column":19},"end":{"line":17,"column":1}},"5":{"start":{"line":7,"column":2},"end":{"line":16,"column":3}},"6":{"start":{"line":8,"column":20},"end":{"line":8,"column":74}},"7":{"start":{"line":9,"column":4},"end":{"line":13,"column":7}},"8":{"start":{"line":15,"column":4},"end":{"line":15,"column":23}},"9":{"start":{"line":19,"column":24},"end":{"line":35,"column":1}},"10":{"start":{"line":20,"column":2},"end":{"line":34,"column":3}},"11":{"start":{"line":21,"column":4},"end":{"line":23,"column":5}},"12":{"start":{"line":22,"column":6},"end":{"line":22,"column":72}},"13":{"start":{"line":25,"column":6},"end":{"line":25,"column":97}},"14":{"start":{"line":26,"column":24},"end":{"line":26,"column":71}},"15":{"start":{"line":27,"column":4},"end":{"line":31,"column":7}},"16":{"start":{"line":33,"column":4},"end":{"line":33,"column":23}},"17":{"start":{"line":37,"column":0},"end":{"line":40,"column":2}}},"fnMap":{"0":{"name":"(anonymous_0)","decl":{"start":{"line":6,"column":19},"end":{"line":6,"column":20}},"loc":{"start":{"line":6,"column":45},"end":{"line":17,"column":1}},"line":6},"1":{"name":"(anonymous_1)","decl":{"start":{"line":19,"column":24},"end":{"line":19,"column":25}},"loc":{"start":{"line":19,"column":50},"end":{"line":35,"column":1}},"line":19}},"branchMap":{"0":{"loc":{"start":{"line":21,"column":4},"end":{"line":23,"column":5}},"type":"if","locations":[{"start":{"line":21,"column":4},"end":{"line":23,"column":5}},{"start":{},"end":{}}],"line":21},"1":{"loc":{"start":{"line":25,"column":6},"end":{"line":25,"column":97}},"type":"cond-expr","locations":[{"start":{"line":25,"column":40},"end":{"line":25,"column":64}},{"start":{"line":25,"column":67},"end":{"line":25,"column":97}}],"line":25}},"s":{"0":2,"1":2,"2":2,"3":2,"4":2,"5":0,"6":0,"7":0,"8":0,"9":2,"10":0,"11":0,"12":0,"13":0,"14":0,"15":0,"16":0,"17":2},"f":{"0":0,"1":0},"b":{"0":[0,0],"1":[0,0]},"_coverageSchema":"1a1c01bbd47fc00a2c39e90264f33305004495a9","hash":"c9d481fd37af0785fca57e3d51345a61e3eb21c0"}
,"C:\\Users\\Tuan Anh\\Downloads\\LMS\\src\\middlewares\\asyncHandler.js": {"path":"C:\\Users\\Tuan Anh\\Downloads\\LMS\\src\\middlewares\\asyncHandler.js","statementMap":{"0":{"start":{"line":1,"column":21},"end":{"line":3,"column":1}},"1":{"start":{"line":1,"column":29},"end":{"line":3,"column":1}},"2":{"start":{"line":2,"column":2},"end":{"line":2,"column":50}},"3":{"start":{"line":5,"column":0},"end":{"line":5,"column":30}}},"fnMap":{"0":{"name":"(anonymous_0)","decl":{"start":{"line":1,"column":21},"end":{"line":1,"column":22}},"loc":{"start":{"line":1,"column":29},"end":{"line":3,"column":1}},"line":1},"1":{"name":"(anonymous_1)","decl":{"start":{"line":1,"column":29},"end":{"line":1,"column":30}},"loc":{"start":{"line":1,"column":49},"end":{"line":3,"column":1}},"line":1}},"branchMap":{},"s":{"0":2,"1":88,"2":8,"3":2},"f":{"0":88,"1":8},"b":{},"_coverageSchema":"1a1c01bbd47fc00a2c39e90264f33305004495a9","hash":"809bdc14c081e41824fa0a83e765507f2375eb80"}
,"C:\\Users\\Tuan Anh\\Downloads\\LMS\\src\\middlewares\\auth.middleware.js": {"path":"C:\\Users\\Tuan Anh\\Downloads\\LMS\\src\\middlewares\\auth.middleware.js","statementMap":{"0":{"start":{"line":1,"column":17},"end":{"line":1,"column":45}},"1":{"start":{"line":2,"column":30},"end":{"line":2,"column":53}},"2":{"start":{"line":3,"column":13},"end":{"line":3,"column":38}},"3":{"start":{"line":4,"column":21},"end":{"line":4,"column":46}},"4":{"start":{"line":6,"column":21},"end":{"line":15,"column":1}},"5":{"start":{"line":7,"column":17},"end":{"line":7,"column":48}},"6":{"start":{"line":8,"column":2},"end":{"line":10,"column":3}},"7":{"start":{"line":9,"column":4},"end":{"line":9,"column":31}},"8":{"start":{"line":11,"column":2},"end":{"line":13,"column":3}},"9":{"start":{"line":12,"column":4},"end":{"line":12,"column":35}},"10":{"start":{"line":14,"column":2},"end":{"line":14,"column":14}},"11":{"start":{"line":17,"column":21},"end":{"line":43,"column":2}},"12":{"start":{"line":18,"column":16},"end":{"line":18,"column":33}},"13":{"start":{"line":20,"column":2},"end":{"line":22,"column":3}},"14":{"start":{"line":21,"column":4},"end":{"line":21,"column":55}},"15":{"start":{"line":25,"column":2},"end":{"line":29,"column":3}},"16":{"start":{"line":26,"column":4},"end":{"line":26,"column":39}},"17":{"start":{"line":28,"column":4},"end":{"line":28,"column":56}},"18":{"start":{"line":31,"column":15},"end":{"line":31,"column":47}},"19":{"start":{"line":32,"column":2},"end":{"line":34,"column":3}},"20":{"start":{"line":33,"column":4},"end":{"line":33,"column":60}},"21":{"start":{"line":36,"column":2},"end":{"line":38,"column":3}},"22":{"start":{"line":37,"column":4},"end":{"line":37,"column":53}},"23":{"start":{"line":40,"column":2},"end":{"line":40,"column":18}},"24":{"start":{"line":41,"column":2},"end":{"line":41,"column":21}},"25":{"start":{"line":42,"column":2},"end":{"line":42,"column":16}},"26":{"start":{"line":45,"column":0},"end":{"line":47,"column":2}}},"fnMap":{"0":{"name":"(anonymous_0)","decl":{"start":{"line":6,"column":21},"end":{"line":6,"column":22}},"loc":{"start":{"line":6,"column":30},"end":{"line":15,"column":1}},"line":6},"1":{"name":"(anonymous_1)","decl":{"start":{"line":17,"column":34},"end":{"line":17,"column":35}},"loc":{"start":{"line":17,"column":60},"end":{"line":43,"column":1}},"line":17}},"branchMap":{"0":{"loc":{"start":{"line":7,"column":17},"end":{"line":7,"column":48}},"type":"binary-expr","locations":[{"start":{"line":7,"column":17},"end":{"line":7,"column":42}},{"start":{"line":7,"column":46},"end":{"line":7,"column":48}}],"line":7},"1":{"loc":{"start":{"line":8,"column":2},"end":{"line":10,"column":3}},"type":"if","locations":[{"start":{"line":8,"column":2},"end":{"line":10,"column":3}},{"start":{},"end":{}}],"line":8},"2":{"loc":{"start":{"line":11,"column":2},"end":{"line":13,"column":3}},"type":"if","locations":[{"start":{"line":11,"column":2},"end":{"line":13,"column":3}},{"start":{},"end":{}}],"line":11},"3":{"loc":{"start":{"line":20,"column":2},"end":{"line":22,"column":3}},"type":"if","locations":[{"start":{"line":20,"column":2},"end":{"line":22,"column":3}},{"start":{},"end":{}}],"line":20},"4":{"loc":{"start":{"line":32,"column":2},"end":{"line":34,"column":3}},"type":"if","locations":[{"start":{"line":32,"column":2},"end":{"line":34,"column":3}},{"start":{},"end":{}}],"line":32},"5":{"loc":{"start":{"line":36,"column":2},"end":{"line":38,"column":3}},"type":"if","locations":[{"start":{"line":36,"column":2},"end":{"line":38,"column":3}},{"start":{},"end":{}}],"line":36}},"s":{"0":2,"1":2,"2":2,"3":2,"4":2,"5":2,"6":2,"7":2,"8":0,"9":0,"10":0,"11":2,"12":2,"13":2,"14":0,"15":2,"16":2,"17":0,"18":2,"19":2,"20":0,"21":2,"22":0,"23":2,"24":2,"25":2,"26":2},"f":{"0":2,"1":2},"b":{"0":[2,0],"1":[2,0],"2":[0,0],"3":[0,2],"4":[0,2],"5":[0,2]},"_coverageSchema":"1a1c01bbd47fc00a2c39e90264f33305004495a9","hash":"e6d4139e2044f7f9d83743f8e82aa2279da966e0"}
,"C:\\Users\\Tuan Anh\\Downloads\\LMS\\src\\middlewares\\error.middleware.js": {"path":"C:\\Users\\Tuan Anh\\Downloads\\LMS\\src\\middlewares\\error.middleware.js","statementMap":{"0":{"start":{"line":1,"column":17},"end":{"line":1,"column":45}},"1":{"start":{"line":3,"column":24},"end":{"line":6,"column":1}},"2":{"start":{"line":4,"column":16},"end":{"line":4,"column":71}},"3":{"start":{"line":5,"column":2},"end":{"line":5,"column":14}},"4":{"start":{"line":9,"column":21},"end":{"line":28,"column":1}},"5":{"start":{"line":10,"column":21},"end":{"line":10,"column":42}},"6":{"start":{"line":11,"column":19},"end":{"line":15,"column":3}},"7":{"start":{"line":17,"column":2},"end":{"line":19,"column":3}},"8":{"start":{"line":18,"column":4},"end":{"line":18,"column":31}},"9":{"start":{"line":21,"column":2},"end":{"line":27,"column":44}},"10":{"start":{"line":30,"column":0},"end":{"line":33,"column":2}}},"fnMap":{"0":{"name":"(anonymous_0)","decl":{"start":{"line":3,"column":24},"end":{"line":3,"column":25}},"loc":{"start":{"line":3,"column":44},"end":{"line":6,"column":1}},"line":3},"1":{"name":"(anonymous_1)","decl":{"start":{"line":9,"column":21},"end":{"line":9,"column":22}},"loc":{"start":{"line":9,"column":46},"end":{"line":28,"column":1}},"line":9}},"branchMap":{"0":{"loc":{"start":{"line":10,"column":21},"end":{"line":10,"column":42}},"type":"binary-expr","locations":[{"start":{"line":10,"column":21},"end":{"line":10,"column":35}},{"start":{"line":10,"column":39},"end":{"line":10,"column":42}}],"line":10},"1":{"loc":{"start":{"line":13,"column":13},"end":{"line":13,"column":51}},"type":"binary-expr","locations":[{"start":{"line":13,"column":13},"end":{"line":13,"column":24}},{"start":{"line":13,"column":28},"end":{"line":13,"column":51}}],"line":13},"2":{"loc":{"start":{"line":14,"column":12},"end":{"line":14,"column":28}},"type":"binary-expr","locations":[{"start":{"line":14,"column":12},"end":{"line":14,"column":22}},{"start":{"line":14,"column":26},"end":{"line":14,"column":28}}],"line":14},"3":{"loc":{"start":{"line":17,"column":2},"end":{"line":19,"column":3}},"type":"if","locations":[{"start":{"line":17,"column":2},"end":{"line":19,"column":3}},{"start":{},"end":{}}],"line":17},"4":{"loc":{"start":{"line":21,"column":9},"end":{"line":27,"column":43}},"type":"cond-expr","locations":[{"start":{"line":22,"column":6},"end":{"line":26,"column":8}},{"start":{"line":27,"column":6},"end":{"line":27,"column":43}}],"line":21}},"s":{"0":2,"1":2,"2":0,"3":0,"4":2,"5":0,"6":0,"7":0,"8":0,"9":0,"10":2},"f":{"0":0,"1":0},"b":{"0":[0,0],"1":[0,0],"2":[0,0],"3":[0,0],"4":[0,0]},"_coverageSchema":"1a1c01bbd47fc00a2c39e90264f33305004495a9","hash":"38a64d865de3cff35b102348f26c78f5f639e5d7"}
,"C:\\Users\\Tuan Anh\\Downloads\\LMS\\src\\middlewares\\rateLimit.js": {"path":"C:\\Users\\Tuan Anh\\Downloads\\LMS\\src\\middlewares\\rateLimit.js","statementMap":{"0":{"start":{"line":1,"column":18},"end":{"line":1,"column":47}},"1":{"start":{"line":3,"column":22},"end":{"line":3,"column":73}},"2":{"start":{"line":4,"column":20},"end":{"line":4,"column":70}},"3":{"start":{"line":6,"column":24},"end":{"line":12,"column":2}},"4":{"start":{"line":14,"column":0},"end":{"line":16,"column":2}}},"fnMap":{},"branchMap":{"0":{"loc":{"start":{"line":3,"column":22},"end":{"line":3,"column":73}},"type":"binary-expr","locations":[{"start":{"line":3,"column":22},"end":{"line":3,"column":67}},{"start":{"line":3,"column":71},"end":{"line":3,"column":73}}],"line":3},"1":{"loc":{"start":{"line":4,"column":20},"end":{"line":4,"column":70}},"type":"binary-expr","locations":[{"start":{"line":4,"column":20},"end":{"line":4,"column":63}},{"start":{"line":4,"column":67},"end":{"line":4,"column":70}}],"line":4}},"s":{"0":2,"1":2,"2":2,"3":2,"4":2},"f":{},"b":{"0":[2,2],"1":[2,2]},"_coverageSchema":"1a1c01bbd47fc00a2c39e90264f33305004495a9","hash":"91ad12653ec301242cec003243264e0942a93797"}
,"C:\\Users\\Tuan Anh\\Downloads\\LMS\\src\\middlewares\\role.middleware.js": {"path":"C:\\Users\\Tuan Anh\\Downloads\\LMS\\src\\middlewares\\role.middleware.js","statementMap":{"0":{"start":{"line":1,"column":17},"end":{"line":1,"column":45}},"1":{"start":{"line":4,"column":2},"end":{"line":15,"column":3}},"2":{"start":{"line":5,"column":2},"end":{"line":15,"column":3}},"3":{"start":{"line":6,"column":4},"end":{"line":8,"column":5}},"4":{"start":{"line":7,"column":6},"end":{"line":7,"column":64}},"5":{"start":{"line":10,"column":4},"end":{"line":12,"column":5}},"6":{"start":{"line":11,"column":6},"end":{"line":11,"column":90}},"7":{"start":{"line":14,"column":4},"end":{"line":14,"column":18}},"8":{"start":{"line":17,"column":0},"end":{"line":17,"column":32}}},"fnMap":{"0":{"name":"(anonymous_0)","decl":{"start":{"line":4,"column":2},"end":{"line":4,"column":3}},"loc":{"start":{"line":5,"column":2},"end":{"line":15,"column":3}},"line":5},"1":{"name":"(anonymous_1)","decl":{"start":{"line":5,"column":2},"end":{"line":5,"column":3}},"loc":{"start":{"line":5,"column":22},"end":{"line":15,"column":3}},"line":5}},"branchMap":{"0":{"loc":{"start":{"line":6,"column":4},"end":{"line":8,"column":5}},"type":"if","locations":[{"start":{"line":6,"column":4},"end":{"line":8,"column":5}},{"start":{},"end":{}}],"line":6},"1":{"loc":{"start":{"line":10,"column":4},"end":{"line":12,"column":5}},"type":"if","locations":[{"start":{"line":10,"column":4},"end":{"line":12,"column":5}},{"start":{},"end":{}}],"line":10}},"s":{"0":2,"1":2,"2":44,"3":2,"4":0,"5":2,"6":0,"7":2,"8":2},"f":{"0":44,"1":2},"b":{"0":[0,2],"1":[0,2]},"_coverageSchema":"1a1c01bbd47fc00a2c39e90264f33305004495a9","hash":"c993eaf69506915dc46c7a8e715e04adef60adbd"}
,"C:\\Users\\Tuan Anh\\Downloads\\LMS\\src\\middlewares\\upload.middleware.js": {"path":"C:\\Users\\Tuan Anh\\Downloads\\LMS\\src\\middlewares\\upload.middleware.js","statementMap":{"0":{"start":{"line":1,"column":15},"end":{"line":1,"column":32}},"1":{"start":{"line":3,"column":17},"end":{"line":3,"column":82}},"2":{"start":{"line":5,"column":20},"end":{"line":5,"column":74}},"3":{"start":{"line":7,"column":16},"end":{"line":7,"column":38}},"4":{"start":{"line":9,"column":19},"end":{"line":15,"column":1}},"5":{"start":{"line":10,"column":2},"end":{"line":14,"column":3}},"6":{"start":{"line":11,"column":4},"end":{"line":11,"column":19}},"7":{"start":{"line":13,"column":4},"end":{"line":13,"column":43}},"8":{"start":{"line":17,"column":15},"end":{"line":21,"column":2}},"9":{"start":{"line":23,"column":26},"end":{"line":23,"column":57}},"10":{"start":{"line":23,"column":37},"end":{"line":23,"column":57}},"11":{"start":{"line":25,"column":0},"end":{"line":27,"column":2}}},"fnMap":{"0":{"name":"(anonymous_0)","decl":{"start":{"line":9,"column":19},"end":{"line":9,"column":20}},"loc":{"start":{"line":9,"column":38},"end":{"line":15,"column":1}},"line":9},"1":{"name":"(anonymous_1)","decl":{"start":{"line":23,"column":26},"end":{"line":23,"column":27}},"loc":{"start":{"line":23,"column":37},"end":{"line":23,"column":57}},"line":23}},"branchMap":{"0":{"loc":{"start":{"line":3,"column":18},"end":{"line":3,"column":67}},"type":"binary-expr","locations":[{"start":{"line":3,"column":18},"end":{"line":3,"column":61}},{"start":{"line":3,"column":65},"end":{"line":3,"column":67}}],"line":3},"1":{"loc":{"start":{"line":10,"column":2},"end":{"line":14,"column":3}},"type":"if","locations":[{"start":{"line":10,"column":2},"end":{"line":14,"column":3}},{"start":{"line":12,"column":9},"end":{"line":14,"column":3}}],"line":10}},"s":{"0":2,"1":2,"2":2,"3":2,"4":2,"5":0,"6":0,"7":0,"8":2,"9":2,"10":4,"11":2},"f":{"0":0,"1":4},"b":{"0":[2,2],"1":[0,0]},"_coverageSchema":"1a1c01bbd47fc00a2c39e90264f33305004495a9","hash":"15b964a2351061df370d5a5e47cb65fa3bf9008a"}
,"C:\\Users\\Tuan Anh\\Downloads\\LMS\\src\\middlewares\\validateRequest.js": {"path":"C:\\Users\\Tuan Anh\\Downloads\\LMS\\src\\middlewares\\validateRequest.js","statementMap":{"0":{"start":{"line":1,"column":29},"end":{"line":1,"column":57}},"1":{"start":{"line":2,"column":17},"end":{"line":2,"column":45}},"2":{"start":{"line":4,"column":24},"end":{"line":10,"column":1}},"3":{"start":{"line":5,"column":17},"end":{"line":5,"column":38}},"4":{"start":{"line":6,"column":2},"end":{"line":8,"column":3}},"5":{"start":{"line":7,"column":4},"end":{"line":7,"column":72}},"6":{"start":{"line":9,"column":2},"end":{"line":9,"column":16}},"7":{"start":{"line":12,"column":0},"end":{"line":12,"column":33}}},"fnMap":{"0":{"name":"(anonymous_0)","decl":{"start":{"line":4,"column":24},"end":{"line":4,"column":25}},"loc":{"start":{"line":4,"column":44},"end":{"line":10,"column":1}},"line":4}},"branchMap":{"0":{"loc":{"start":{"line":6,"column":2},"end":{"line":8,"column":3}},"type":"if","locations":[{"start":{"line":6,"column":2},"end":{"line":8,"column":3}},{"start":{},"end":{}}],"line":6}},"s":{"0":2,"1":2,"2":2,"3":5,"4":5,"5":0,"6":5,"7":2},"f":{"0":5},"b":{"0":[0,5]},"_coverageSchema":"1a1c01bbd47fc00a2c39e90264f33305004495a9","hash":"8b6bc09c2269fd204dc85178e125f934fe40ac61"}
,"C:\\Users\\Tuan Anh\\Downloads\\LMS\\src\\models\\Assignment.js": {"path":"C:\\Users\\Tuan Anh\\Downloads\\LMS\\src\\models\\Assignment.js","statementMap":{"0":{"start":{"line":1,"column":17},"end":{"line":1,"column":36}},"1":{"start":{"line":3,"column":25},"end":{"line":12,"column":1}},"2":{"start":{"line":14,"column":0},"end":{"line":14,"column":64}}},"fnMap":{},"branchMap":{},"s":{"0":2,"1":2,"2":2},"f":{},"b":{},"_coverageSchema":"1a1c01bbd47fc00a2c39e90264f33305004495a9","hash":"a90f9866bd9b3117affa8a394b249948634c3066"}
,"C:\\Users\\Tuan Anh\\Downloads\\LMS\\src\\models\\AttemptHistory.js": {"path":"C:\\Users\\Tuan Anh\\Downloads\\LMS\\src\\models\\AttemptHistory.js","statementMap":{"0":{"start":{"line":1,"column":17},"end":{"line":1,"column":36}},"1":{"start":{"line":3,"column":21},"end":{"line":10,"column":1}},"2":{"start":{"line":12,"column":22},"end":{"line":26,"column":1}},"3":{"start":{"line":28,"column":0},"end":{"line":28,"column":42}},"4":{"start":{"line":30,"column":0},"end":{"line":30,"column":65}}},"fnMap":{},"branchMap":{},"s":{"0":2,"1":2,"2":2,"3":2,"4":2},"f":{},"b":{},"_coverageSchema":"1a1c01bbd47fc00a2c39e90264f33305004495a9","hash":"c56e166b5c07c09e1769bf0a08f786d748ac0c3f"}
,"C:\\Users\\Tuan Anh\\Downloads\\LMS\\src\\models\\Chapter.js": {"path":"C:\\Users\\Tuan Anh\\Downloads\\LMS\\src\\models\\Chapter.js","statementMap":{"0":{"start":{"line":1,"column":17},"end":{"line":1,"column":36}},"1":{"start":{"line":3,"column":22},"end":{"line":12,"column":1}},"2":{"start":{"line":14,"column":0},"end":{"line":14,"column":58}}},"fnMap":{},"branchMap":{},"s":{"0":2,"1":2,"2":2},"f":{},"b":{},"_coverageSchema":"1a1c01bbd47fc00a2c39e90264f33305004495a9","hash":"4d598ba226ce1342eeec741b07d5cc5fea16d14e"}
,"C:\\Users\\Tuan Anh\\Downloads\\LMS\\src\\models\\Course.js": {"path":"C:\\Users\\Tuan Anh\\Downloads\\LMS\\src\\models\\Course.js","statementMap":{"0":{"start":{"line":1,"column":17},"end":{"line":1,"column":36}},"1":{"start":{"line":3,"column":21},"end":{"line":29,"column":1}},"2":{"start":{"line":31,"column":0},"end":{"line":31,"column":56}}},"fnMap":{},"branchMap":{},"s":{"0":2,"1":2,"2":2},"f":{},"b":{},"_coverageSchema":"1a1c01bbd47fc00a2c39e90264f33305004495a9","hash":"79b0f877a21b97cca15c5166b76d7b918f8b9ee0"}
,"C:\\Users\\Tuan Anh\\Downloads\\LMS\\src\\models\\Enrollment.js": {"path":"C:\\Users\\Tuan Anh\\Downloads\\LMS\\src\\models\\Enrollment.js","statementMap":{"0":{"start":{"line":1,"column":17},"end":{"line":1,"column":36}},"1":{"start":{"line":3,"column":25},"end":{"line":11,"column":1}},"2":{"start":{"line":13,"column":0},"end":{"line":13,"column":68}},"3":{"start":{"line":15,"column":0},"end":{"line":15,"column":64}}},"fnMap":{},"branchMap":{},"s":{"0":2,"1":2,"2":2,"3":2},"f":{},"b":{},"_coverageSchema":"1a1c01bbd47fc00a2c39e90264f33305004495a9","hash":"83b8d7b05c44792d94177f145585aa64ac3f2779"}
,"C:\\Users\\Tuan Anh\\Downloads\\LMS\\src\\models\\Lesson.js": {"path":"C:\\Users\\Tuan Anh\\Downloads\\LMS\\src\\models\\Lesson.js","statementMap":{"0":{"start":{"line":1,"column":17},"end":{"line":1,"column":36}},"1":{"start":{"line":3,"column":21},"end":{"line":17,"column":1}},"2":{"start":{"line":19,"column":0},"end":{"line":19,"column":56}}},"fnMap":{},"branchMap":{},"s":{"0":2,"1":2,"2":2},"f":{},"b":{},"_coverageSchema":"1a1c01bbd47fc00a2c39e90264f33305004495a9","hash":"54a6071ff45ad2a691a995e3fe7f0c48a9422981"}
,"C:\\Users\\Tuan Anh\\Downloads\\LMS\\src\\models\\Quiz.js": {"path":"C:\\Users\\Tuan Anh\\Downloads\\LMS\\src\\models\\Quiz.js","statementMap":{"0":{"start":{"line":1,"column":17},"end":{"line":1,"column":36}},"1":{"start":{"line":3,"column":21},"end":{"line":9,"column":1}},"2":{"start":{"line":11,"column":23},"end":{"line":19,"column":1}},"3":{"start":{"line":14,"column":57},"end":{"line":14,"column":72}},"4":{"start":{"line":21,"column":19},"end":{"line":32,"column":1}},"5":{"start":{"line":34,"column":0},"end":{"line":34,"column":52}}},"fnMap":{"0":{"name":"(anonymous_0)","decl":{"start":{"line":14,"column":48},"end":{"line":14,"column":49}},"loc":{"start":{"line":14,"column":57},"end":{"line":14,"column":72}},"line":14}},"branchMap":{},"s":{"0":2,"1":2,"2":2,"3":0,"4":2,"5":2},"f":{"0":0},"b":{},"_coverageSchema":"1a1c01bbd47fc00a2c39e90264f33305004495a9","hash":"0b1d9ac151772c1e66a54f3eb62453f728aa38f6"}
,"C:\\Users\\Tuan Anh\\Downloads\\LMS\\src\\models\\Submission.js": {"path":"C:\\Users\\Tuan Anh\\Downloads\\LMS\\src\\models\\Submission.js","statementMap":{"0":{"start":{"line":1,"column":17},"end":{"line":1,"column":36}},"1":{"start":{"line":3,"column":25},"end":{"line":13,"column":1}},"2":{"start":{"line":15,"column":0},"end":{"line":15,"column":72}},"3":{"start":{"line":17,"column":0},"end":{"line":17,"column":64}}},"fnMap":{},"branchMap":{},"s":{"0":2,"1":2,"2":2,"3":2},"f":{},"b":{},"_coverageSchema":"1a1c01bbd47fc00a2c39e90264f33305004495a9","hash":"9bdb0c46af55f8d9a20a638a190ed1cce7c9bccc"}
,"C:\\Users\\Tuan Anh\\Downloads\\LMS\\src\\models\\User.js": {"path":"C:\\Users\\Tuan Anh\\Downloads\\LMS\\src\\models\\User.js","statementMap":{"0":{"start":{"line":1,"column":17},"end":{"line":1,"column":36}},"1":{"start":{"line":2,"column":15},"end":{"line":2,"column":34}},"2":{"start":{"line":3,"column":15},"end":{"line":3,"column":32}},"3":{"start":{"line":4,"column":14},"end":{"line":4,"column":43}},"4":{"start":{"line":6,"column":19},"end":{"line":73,"column":1}},"5":{"start":{"line":75,"column":0},"end":{"line":81,"column":3}},"6":{"start":{"line":76,"column":2},"end":{"line":78,"column":3}},"7":{"start":{"line":77,"column":4},"end":{"line":77,"column":11}},"8":{"start":{"line":80,"column":2},"end":{"line":80,"column":55}},"9":{"start":{"line":83,"column":0},"end":{"line":85,"column":2}},"10":{"start":{"line":84,"column":2},"end":{"line":84,"column":50}},"11":{"start":{"line":87,"column":0},"end":{"line":92,"column":2}},"12":{"start":{"line":88,"column":21},"end":{"line":88,"column":59}},"13":{"start":{"line":89,"column":2},"end":{"line":89,"column":89}},"14":{"start":{"line":90,"column":2},"end":{"line":90,"column":58}},"15":{"start":{"line":91,"column":2},"end":{"line":91,"column":20}},"16":{"start":{"line":94,"column":0},"end":{"line":101,"column":2}},"17":{"start":{"line":95,"column":14},"end":{"line":95,"column":29}},"18":{"start":{"line":96,"column":2},"end":{"line":96,"column":22}},"19":{"start":{"line":97,"column":2},"end":{"line":97,"column":27}},"20":{"start":{"line":98,"column":2},"end":{"line":98,"column":32}},"21":{"start":{"line":99,"column":2},"end":{"line":99,"column":34}},"22":{"start":{"line":100,"column":2},"end":{"line":100,"column":13}},"23":{"start":{"line":103,"column":0},"end":{"line":103,"column":52}}},"fnMap":{"0":{"name":"hashPassword","decl":{"start":{"line":75,"column":38},"end":{"line":75,"column":50}},"loc":{"start":{"line":75,"column":53},"end":{"line":81,"column":1}},"line":75},"1":{"name":"comparePassword","decl":{"start":{"line":83,"column":46},"end":{"line":83,"column":61}},"loc":{"start":{"line":83,"column":73},"end":{"line":85,"column":1}},"line":83},"2":{"name":"createPasswordResetToken","decl":{"start":{"line":87,"column":55},"end":{"line":87,"column":79}},"loc":{"start":{"line":87,"column":82},"end":{"line":92,"column":1}},"line":87},"3":{"name":"toJSON","decl":{"start":{"line":94,"column":37},"end":{"line":94,"column":43}},"loc":{"start":{"line":94,"column":46},"end":{"line":101,"column":1}},"line":94}},"branchMap":{"0":{"loc":{"start":{"line":76,"column":2},"end":{"line":78,"column":3}},"type":"if","locations":[{"start":{"line":76,"column":2},"end":{"line":78,"column":3}},{"start":{},"end":{}}],"line":76}},"s":{"0":2,"1":2,"2":2,"3":2,"4":2,"5":2,"6":7,"7":3,"8":4,"9":2,"10":1,"11":2,"12":0,"13":0,"14":0,"15":0,"16":2,"17":4,"18":4,"19":4,"20":4,"21":4,"22":4,"23":2},"f":{"0":7,"1":1,"2":0,"3":4},"b":{"0":[3,4]},"_coverageSchema":"1a1c01bbd47fc00a2c39e90264f33305004495a9","hash":"6699237fd9fd5c39103745b2a34a72b9868e60e7"}
,"C:\\Users\\Tuan Anh\\Downloads\\LMS\\src\\routes\\assignment.routes.js": {"path":"C:\\Users\\Tuan Anh\\Downloads\\LMS\\src\\routes\\assignment.routes.js","statementMap":{"0":{"start":{"line":1,"column":16},"end":{"line":1,"column":34}},"1":{"start":{"line":2,"column":17},"end":{"line":2,"column":45}},"2":{"start":{"line":3,"column":29},"end":{"line":3,"column":76}},"3":{"start":{"line":4,"column":25},"end":{"line":4,"column":66}},"4":{"start":{"line":5,"column":23},"end":{"line":5,"column":64}},"5":{"start":{"line":6,"column":14},"end":{"line":6,"column":43}},"6":{"start":{"line":7,"column":24},"end":{"line":7,"column":65}},"7":{"start":{"line":9,"column":15},"end":{"line":9,"column":31}},"8":{"start":{"line":11,"column":0},"end":{"line":20,"column":4}},"9":{"start":{"line":22,"column":0},"end":{"line":25,"column":110}},"10":{"start":{"line":27,"column":0},"end":{"line":34,"column":2}},"11":{"start":{"line":36,"column":0},"end":{"line":36,"column":84}},"12":{"start":{"line":38,"column":0},"end":{"line":43,"column":2}},"13":{"start":{"line":45,"column":0},"end":{"line":45,"column":24}}},"fnMap":{},"branchMap":{},"s":{"0":2,"1":2,"2":2,"3":2,"4":2,"5":2,"6":2,"7":2,"8":2,"9":2,"10":2,"11":2,"12":2,"13":2},"f":{},"b":{},"_coverageSchema":"1a1c01bbd47fc00a2c39e90264f33305004495a9","hash":"b2282530b3cb93c916abd47fba312b4ed6db6813"}
,"C:\\Users\\Tuan Anh\\Downloads\\LMS\\src\\routes\\attempt.routes.js": {"path":"C:\\Users\\Tuan Anh\\Downloads\\LMS\\src\\routes\\attempt.routes.js","statementMap":{"0":{"start":{"line":1,"column":16},"end":{"line":1,"column":34}},"1":{"start":{"line":2,"column":17},"end":{"line":2,"column":45}},"2":{"start":{"line":3,"column":26},"end":{"line":3,"column":70}},"3":{"start":{"line":4,"column":25},"end":{"line":4,"column":66}},"4":{"start":{"line":5,"column":24},"end":{"line":5,"column":65}},"5":{"start":{"line":7,"column":15},"end":{"line":7,"column":31}},"6":{"start":{"line":9,"column":0},"end":{"line":15,"column":2}},"7":{"start":{"line":17,"column":0},"end":{"line":17,"column":62}},"8":{"start":{"line":18,"column":0},"end":{"line":18,"column":74}},"9":{"start":{"line":20,"column":0},"end":{"line":20,"column":24}}},"fnMap":{},"branchMap":{},"s":{"0":2,"1":2,"2":2,"3":2,"4":2,"5":2,"6":2,"7":2,"8":2,"9":2},"f":{},"b":{},"_coverageSchema":"1a1c01bbd47fc00a2c39e90264f33305004495a9","hash":"a4a7573e3515359fc1fe87873ecb8495c20f9dfb"}
,"C:\\Users\\Tuan Anh\\Downloads\\LMS\\src\\routes\\auth.routes.js": {"path":"C:\\Users\\Tuan Anh\\Downloads\\LMS\\src\\routes\\auth.routes.js","statementMap":{"0":{"start":{"line":1,"column":16},"end":{"line":1,"column":34}},"1":{"start":{"line":2,"column":17},"end":{"line":2,"column":45}},"2":{"start":{"line":3,"column":23},"end":{"line":3,"column":64}},"3":{"start":{"line":4,"column":24},"end":{"line":4,"column":65}},"4":{"start":{"line":5,"column":25},"end":{"line":5,"column":66}},"5":{"start":{"line":7,"column":15},"end":{"line":7,"column":31}},"6":{"start":{"line":9,"column":0},"end":{"line":19,"column":2}},"7":{"start":{"line":21,"column":0},"end":{"line":26,"column":2}},"8":{"start":{"line":28,"column":0},"end":{"line":34,"column":2}},"9":{"start":{"line":36,"column":0},"end":{"line":41,"column":2}},"10":{"start":{"line":43,"column":0},"end":{"line":48,"column":2}},"11":{"start":{"line":50,"column":0},"end":{"line":55,"column":2}},"12":{"start":{"line":57,"column":0},"end":{"line":57,"column":59}},"13":{"start":{"line":58,"column":0},"end":{"line":64,"column":2}},"14":{"start":{"line":66,"column":0},"end":{"line":72,"column":2}},"15":{"start":{"line":74,"column":0},"end":{"line":74,"column":24}}},"fnMap":{},"branchMap":{},"s":{"0":2,"1":2,"2":2,"3":2,"4":2,"5":2,"6":2,"7":2,"8":2,"9":2,"10":2,"11":2,"12":2,"13":2,"14":2,"15":2},"f":{},"b":{},"_coverageSchema":"1a1c01bbd47fc00a2c39e90264f33305004495a9","hash":"d60af1caf84ebd5d8469c2144f6302818a7fcf3d"}
,"C:\\Users\\Tuan Anh\\Downloads\\LMS\\src\\routes\\chapter.routes.js": {"path":"C:\\Users\\Tuan Anh\\Downloads\\LMS\\src\\routes\\chapter.routes.js","statementMap":{"0":{"start":{"line":1,"column":16},"end":{"line":1,"column":34}},"1":{"start":{"line":2,"column":24},"end":{"line":2,"column":52}},"2":{"start":{"line":3,"column":26},"end":{"line":3,"column":70}},"3":{"start":{"line":4,"column":25},"end":{"line":4,"column":66}},"4":{"start":{"line":5,"column":23},"end":{"line":5,"column":64}},"5":{"start":{"line":6,"column":14},"end":{"line":6,"column":43}},"6":{"start":{"line":7,"column":24},"end":{"line":7,"column":65}},"7":{"start":{"line":9,"column":15},"end":{"line":9,"column":31}},"8":{"start":{"line":11,"column":0},"end":{"line":22,"column":2}},"9":{"start":{"line":24,"column":0},"end":{"line":24,"column":113}},"10":{"start":{"line":26,"column":0},"end":{"line":33,"column":2}},"11":{"start":{"line":35,"column":0},"end":{"line":40,"column":2}},"12":{"start":{"line":42,"column":0},"end":{"line":42,"column":24}}},"fnMap":{},"branchMap":{},"s":{"0":2,"1":2,"2":2,"3":2,"4":2,"5":2,"6":2,"7":2,"8":2,"9":2,"10":2,"11":2,"12":2},"f":{},"b":{},"_coverageSchema":"1a1c01bbd47fc00a2c39e90264f33305004495a9","hash":"960cc9231256b4ea895d36d38a46b7e6685facc7"}
,"C:\\Users\\Tuan Anh\\Downloads\\LMS\\src\\routes\\course.routes.js": {"path":"C:\\Users\\Tuan Anh\\Downloads\\LMS\\src\\routes\\course.routes.js","statementMap":{"0":{"start":{"line":1,"column":16},"end":{"line":1,"column":34}},"1":{"start":{"line":2,"column":17},"end":{"line":2,"column":45}},"2":{"start":{"line":3,"column":25},"end":{"line":3,"column":68}},"3":{"start":{"line":4,"column":25},"end":{"line":4,"column":66}},"4":{"start":{"line":5,"column":23},"end":{"line":5,"column":64}},"5":{"start":{"line":6,"column":14},"end":{"line":6,"column":43}},"6":{"start":{"line":7,"column":24},"end":{"line":7,"column":65}},"7":{"start":{"line":8,"column":30},"end":{"line":8,"column":73}},"8":{"start":{"line":10,"column":15},"end":{"line":10,"column":31}},"9":{"start":{"line":12,"column":0},"end":{"line":22,"column":4}},"10":{"start":{"line":24,"column":0},"end":{"line":33,"column":102}},"11":{"start":{"line":35,"column":0},"end":{"line":42,"column":2}},"12":{"start":{"line":44,"column":0},"end":{"line":44,"column":24}}},"fnMap":{},"branchMap":{},"s":{"0":2,"1":2,"2":2,"3":2,"4":2,"5":2,"6":2,"7":2,"8":2,"9":2,"10":2,"11":2,"12":2},"f":{},"b":{},"_coverageSchema":"1a1c01bbd47fc00a2c39e90264f33305004495a9","hash":"05d4f42b04b60a1eb9b061425572ee71b529d2ae"}
,"C:\\Users\\Tuan Anh\\Downloads\\LMS\\src\\routes\\enrollment.routes.js": {"path":"C:\\Users\\Tuan Anh\\Downloads\\LMS\\src\\routes\\enrollment.routes.js","statementMap":{"0":{"start":{"line":1,"column":16},"end":{"line":1,"column":34}},"1":{"start":{"line":2,"column":17},"end":{"line":2,"column":45}},"2":{"start":{"line":3,"column":29},"end":{"line":3,"column":76}},"3":{"start":{"line":4,"column":25},"end":{"line":4,"column":66}},"4":{"start":{"line":5,"column":23},"end":{"line":5,"column":64}},"5":{"start":{"line":6,"column":14},"end":{"line":6,"column":43}},"6":{"start":{"line":7,"column":24},"end":{"line":7,"column":65}},"7":{"start":{"line":9,"column":15},"end":{"line":9,"column":31}},"8":{"start":{"line":11,"column":0},"end":{"line":18,"column":2}},"9":{"start":{"line":20,"column":0},"end":{"line":20,"column":68}},"10":{"start":{"line":22,"column":0},"end":{"line":29,"column":2}},"11":{"start":{"line":31,"column":0},"end":{"line":31,"column":24}}},"fnMap":{},"branchMap":{},"s":{"0":2,"1":2,"2":2,"3":2,"4":2,"5":2,"6":2,"7":2,"8":2,"9":2,"10":2,"11":2},"f":{},"b":{},"_coverageSchema":"1a1c01bbd47fc00a2c39e90264f33305004495a9","hash":"926b8fece909df2f8c3b890d5e7861f7eafcb6cb"}
,"C:\\Users\\Tuan Anh\\Downloads\\LMS\\src\\routes\\index.js": {"path":"C:\\Users\\Tuan Anh\\Downloads\\LMS\\src\\routes\\index.js","statementMap":{"0":{"start":{"line":1,"column":16},"end":{"line":1,"column":34}},"1":{"start":{"line":2,"column":19},"end":{"line":2,"column":43}},"2":{"start":{"line":3,"column":19},"end":{"line":3,"column":43}},"3":{"start":{"line":4,"column":21},"end":{"line":4,"column":47}},"4":{"start":{"line":5,"column":21},"end":{"line":5,"column":47}},"5":{"start":{"line":6,"column":25},"end":{"line":6,"column":55}},"6":{"start":{"line":7,"column":25},"end":{"line":7,"column":55}},"7":{"start":{"line":8,"column":22},"end":{"line":8,"column":49}},"8":{"start":{"line":9,"column":19},"end":{"line":9,"column":43}},"9":{"start":{"line":10,"column":22},"end":{"line":10,"column":49}},"10":{"start":{"line":11,"column":19},"end":{"line":11,"column":43}},"11":{"start":{"line":13,"column":18},"end":{"line":13,"column":34}},"12":{"start":{"line":15,"column":0},"end":{"line":15,"column":36}},"13":{"start":{"line":16,"column":0},"end":{"line":16,"column":40}},"14":{"start":{"line":17,"column":0},"end":{"line":17,"column":40}},"15":{"start":{"line":18,"column":0},"end":{"line":18,"column":48}},"16":{"start":{"line":19,"column":0},"end":{"line":19,"column":48}},"17":{"start":{"line":20,"column":0},"end":{"line":20,"column":42}},"18":{"start":{"line":21,"column":0},"end":{"line":21,"column":38}},"19":{"start":{"line":22,"column":0},"end":{"line":22,"column":42}},"20":{"start":{"line":24,"column":0},"end":{"line":28,"column":2}}},"fnMap":{},"branchMap":{},"s":{"0":2,"1":2,"2":2,"3":2,"4":2,"5":2,"6":2,"7":2,"8":2,"9":2,"10":2,"11":2,"12":2,"13":2,"14":2,"15":2,"16":2,"17":2,"18":2,"19":2,"20":2},"f":{},"b":{},"_coverageSchema":"1a1c01bbd47fc00a2c39e90264f33305004495a9","hash":"4946dd9aec4a8e5658fc1e2a76f63fc8ce9b430e"}
,"C:\\Users\\Tuan Anh\\Downloads\\LMS\\src\\routes\\lesson.routes.js": {"path":"C:\\Users\\Tuan Anh\\Downloads\\LMS\\src\\routes\\lesson.routes.js","statementMap":{"0":{"start":{"line":1,"column":16},"end":{"line":1,"column":34}},"1":{"start":{"line":2,"column":17},"end":{"line":2,"column":45}},"2":{"start":{"line":3,"column":25},"end":{"line":3,"column":68}},"3":{"start":{"line":4,"column":25},"end":{"line":4,"column":66}},"4":{"start":{"line":5,"column":23},"end":{"line":5,"column":64}},"5":{"start":{"line":6,"column":14},"end":{"line":6,"column":43}},"6":{"start":{"line":7,"column":24},"end":{"line":7,"column":65}},"7":{"start":{"line":9,"column":15},"end":{"line":9,"column":31}},"8":{"start":{"line":11,"column":0},"end":{"line":24,"column":2}},"9":{"start":{"line":26,"column":0},"end":{"line":26,"column":55}},"10":{"start":{"line":28,"column":0},"end":{"line":37,"column":102}},"11":{"start":{"line":39,"column":0},"end":{"line":39,"column":24}}},"fnMap":{},"branchMap":{},"s":{"0":2,"1":2,"2":2,"3":2,"4":2,"5":2,"6":2,"7":2,"8":2,"9":2,"10":2,"11":2},"f":{},"b":{},"_coverageSchema":"1a1c01bbd47fc00a2c39e90264f33305004495a9","hash":"bd6d7b0a79822046c3acd0907275d8f97014d4c3"}
,"C:\\Users\\Tuan Anh\\Downloads\\LMS\\src\\routes\\quiz.routes.js": {"path":"C:\\Users\\Tuan Anh\\Downloads\\LMS\\src\\routes\\quiz.routes.js","statementMap":{"0":{"start":{"line":1,"column":16},"end":{"line":1,"column":34}},"1":{"start":{"line":2,"column":17},"end":{"line":2,"column":45}},"2":{"start":{"line":3,"column":23},"end":{"line":3,"column":64}},"3":{"start":{"line":4,"column":25},"end":{"line":4,"column":66}},"4":{"start":{"line":5,"column":23},"end":{"line":5,"column":64}},"5":{"start":{"line":6,"column":14},"end":{"line":6,"column":43}},"6":{"start":{"line":7,"column":24},"end":{"line":7,"column":65}},"7":{"start":{"line":9,"column":15},"end":{"line":9,"column":31}},"8":{"start":{"line":11,"column":0},"end":{"line":25,"column":2}},"9":{"start":{"line":27,"column":0},"end":{"line":27,"column":57}},"10":{"start":{"line":28,"column":0},"end":{"line":28,"column":107}},"11":{"start":{"line":29,"column":0},"end":{"line":29,"column":110}},"12":{"start":{"line":30,"column":0},"end":{"line":30,"column":74}},"13":{"start":{"line":32,"column":0},"end":{"line":32,"column":24}}},"fnMap":{},"branchMap":{},"s":{"0":2,"1":2,"2":2,"3":2,"4":2,"5":2,"6":2,"7":2,"8":2,"9":2,"10":2,"11":2,"12":2,"13":2},"f":{},"b":{},"_coverageSchema":"1a1c01bbd47fc00a2c39e90264f33305004495a9","hash":"6f713eb24c1f5ca35684345a01e01fe42e3c7970"}
,"C:\\Users\\Tuan Anh\\Downloads\\LMS\\src\\routes\\user.routes.js": {"path":"C:\\Users\\Tuan Anh\\Downloads\\LMS\\src\\routes\\user.routes.js","statementMap":{"0":{"start":{"line":1,"column":16},"end":{"line":1,"column":34}},"1":{"start":{"line":2,"column":23},"end":{"line":2,"column":64}},"2":{"start":{"line":3,"column":25},"end":{"line":3,"column":66}},"3":{"start":{"line":4,"column":23},"end":{"line":4,"column":64}},"4":{"start":{"line":5,"column":14},"end":{"line":5,"column":43}},"5":{"start":{"line":7,"column":15},"end":{"line":7,"column":31}},"6":{"start":{"line":9,"column":0},"end":{"line":9,"column":85}},"7":{"start":{"line":10,"column":0},"end":{"line":10,"column":104}},"8":{"start":{"line":11,"column":0},"end":{"line":11,"column":62}},"9":{"start":{"line":13,"column":0},"end":{"line":13,"column":24}}},"fnMap":{},"branchMap":{},"s":{"0":2,"1":2,"2":2,"3":2,"4":2,"5":2,"6":2,"7":2,"8":2,"9":2},"f":{},"b":{},"_coverageSchema":"1a1c01bbd47fc00a2c39e90264f33305004495a9","hash":"2463402c40e5bd76f867ef05fa8bfd83cdf92f91"}
,"C:\\Users\\Tuan Anh\\Downloads\\LMS\\src\\routes\\view.routes.js": {"path":"C:\\Users\\Tuan Anh\\Downloads\\LMS\\src\\routes\\view.routes.js","statementMap":{"0":{"start":{"line":1,"column":16},"end":{"line":1,"column":34}},"1":{"start":{"line":2,"column":23},"end":{"line":2,"column":64}},"2":{"start":{"line":3,"column":25},"end":{"line":3,"column":66}},"3":{"start":{"line":5,"column":15},"end":{"line":5,"column":31}},"4":{"start":{"line":7,"column":0},"end":{"line":7,"column":43}},"5":{"start":{"line":8,"column":0},"end":{"line":8,"column":71}},"6":{"start":{"line":10,"column":0},"end":{"line":10,"column":24}}},"fnMap":{},"branchMap":{},"s":{"0":2,"1":2,"2":2,"3":2,"4":2,"5":2,"6":2},"f":{},"b":{},"_coverageSchema":"1a1c01bbd47fc00a2c39e90264f33305004495a9","hash":"a599c39eb51d32813fe3087435ed6dc160e599f2"}
,"C:\\Users\\Tuan Anh\\Downloads\\LMS\\src\\scripts\\seed.js": {"path":"C:\\Users\\Tuan Anh\\Downloads\\LMS\\src\\scripts\\seed.js","statementMap":{"0":{"start":{"line":2,"column":15},"end":{"line":2,"column":32}},"1":{"start":{"line":3,"column":17},"end":{"line":3,"column":36}},"2":{"start":{"line":4,"column":18},"end":{"line":4,"column":41}},"3":{"start":{"line":5,"column":14},"end":{"line":5,"column":43}},"4":{"start":{"line":6,"column":13},"end":{"line":6,"column":38}},"5":{"start":{"line":7,"column":15},"end":{"line":7,"column":42}},"6":{"start":{"line":8,"column":15},"end":{"line":8,"column":42}},"7":{"start":{"line":9,"column":19},"end":{"line":9,"column":50}},"8":{"start":{"line":10,"column":19},"end":{"line":10,"column":50}},"9":{"start":{"line":12,"column":0},"end":{"line":12,"column":16}},"10":{"start":{"line":14,"column":13},"end":{"line":103,"column":1}},"11":{"start":{"line":15,"column":2},"end":{"line":102,"column":3}},"12":{"start":{"line":16,"column":4},"end":{"line":16,"column":43}},"13":{"start":{"line":18,"column":4},"end":{"line":24,"column":7}},"14":{"start":{"line":26,"column":18},"end":{"line":31,"column":6}},"15":{"start":{"line":33,"column":23},"end":{"line":39,"column":6}},"16":{"start":{"line":41,"column":20},"end":{"line":46,"column":6}},"17":{"start":{"line":48,"column":19},"end":{"line":57,"column":6}},"18":{"start":{"line":59,"column":4},"end":{"line":72,"column":7}},"19":{"start":{"line":74,"column":23},"end":{"line":80,"column":6}},"20":{"start":{"line":82,"column":4},"end":{"line":87,"column":7}},"21":{"start":{"line":89,"column":4},"end":{"line":89,"column":38}},"22":{"start":{"line":90,"column":4},"end":{"line":96,"column":7}},"23":{"start":{"line":98,"column":4},"end":{"line":98,"column":40}},"24":{"start":{"line":100,"column":4},"end":{"line":100,"column":38}},"25":{"start":{"line":101,"column":4},"end":{"line":101,"column":20}},"26":{"start":{"line":105,"column":0},"end":{"line":105,"column":7}}},"fnMap":{"0":{"name":"(anonymous_0)","decl":{"start":{"line":14,"column":13},"end":{"line":14,"column":14}},"loc":{"start":{"line":14,"column":25},"end":{"line":103,"column":1}},"line":14}},"branchMap":{},"s":{"0":0,"1":0,"2":0,"3":0,"4":0,"5":0,"6":0,"7":0,"8":0,"9":0,"10":0,"11":0,"12":0,"13":0,"14":0,"15":0,"16":0,"17":0,"18":0,"19":0,"20":0,"21":0,"22":0,"23":0,"24":0,"25":0,"26":0},"f":{"0":0},"b":{}}
,"C:\\Users\\Tuan Anh\\Downloads\\LMS\\src\\services\\assignment.service.js": {"path":"C:\\Users\\Tuan Anh\\Downloads\\LMS\\src\\services\\assignment.service.js","statementMap":{"0":{"start":{"line":1,"column":19},"end":{"line":1,"column":50}},"1":{"start":{"line":2,"column":19},"end":{"line":2,"column":50}},"2":{"start":{"line":3,"column":17},"end":{"line":3,"column":45}},"3":{"start":{"line":5,"column":25},"end":{"line":5,"column":70}},"4":{"start":{"line":5,"column":44},"end":{"line":5,"column":70}},"5":{"start":{"line":7,"column":24},"end":{"line":8,"column":64}},"6":{"start":{"line":8,"column":2},"end":{"line":8,"column":64}},"7":{"start":{"line":10,"column":22},"end":{"line":14,"column":1}},"8":{"start":{"line":11,"column":21},"end":{"line":11,"column":78}},"9":{"start":{"line":12,"column":2},"end":{"line":12,"column":67}},"10":{"start":{"line":12,"column":19},"end":{"line":12,"column":67}},"11":{"start":{"line":13,"column":2},"end":{"line":13,"column":20}},"12":{"start":{"line":16,"column":25},"end":{"line":20,"column":1}},"13":{"start":{"line":17,"column":21},"end":{"line":17,"column":104}},"14":{"start":{"line":18,"column":2},"end":{"line":18,"column":67}},"15":{"start":{"line":18,"column":19},"end":{"line":18,"column":67}},"16":{"start":{"line":19,"column":2},"end":{"line":19,"column":20}},"17":{"start":{"line":22,"column":25},"end":{"line":26,"column":1}},"18":{"start":{"line":23,"column":21},"end":{"line":23,"column":59}},"19":{"start":{"line":24,"column":2},"end":{"line":24,"column":67}},"20":{"start":{"line":24,"column":19},"end":{"line":24,"column":67}},"21":{"start":{"line":25,"column":2},"end":{"line":25,"column":14}},"22":{"start":{"line":28,"column":19},"end":{"line":37,"column":1}},"23":{"start":{"line":29,"column":2},"end":{"line":36,"column":3}},"24":{"start":{"line":30,"column":4},"end":{"line":30,"column":44}},"25":{"start":{"line":32,"column":4},"end":{"line":34,"column":5}},"26":{"start":{"line":33,"column":6},"end":{"line":33,"column":71}},"27":{"start":{"line":35,"column":4},"end":{"line":35,"column":16}},"28":{"start":{"line":39,"column":24},"end":{"line":43,"column":1}},"29":{"start":{"line":40,"column":21},"end":{"line":40,"column":83}},"30":{"start":{"line":41,"column":2},"end":{"line":41,"column":67}},"31":{"start":{"line":41,"column":19},"end":{"line":41,"column":67}},"32":{"start":{"line":42,"column":2},"end":{"line":42,"column":20}},"33":{"start":{"line":45,"column":24},"end":{"line":46,"column":95}},"34":{"start":{"line":46,"column":2},"end":{"line":46,"column":95}},"35":{"start":{"line":48,"column":0},"end":{"line":57,"column":2}}},"fnMap":{"0":{"name":"(anonymous_0)","decl":{"start":{"line":5,"column":25},"end":{"line":5,"column":26}},"loc":{"start":{"line":5,"column":44},"end":{"line":5,"column":70}},"line":5},"1":{"name":"(anonymous_1)","decl":{"start":{"line":7,"column":24},"end":{"line":7,"column":25}},"loc":{"start":{"line":8,"column":2},"end":{"line":8,"column":64}},"line":8},"2":{"name":"(anonymous_2)","decl":{"start":{"line":10,"column":22},"end":{"line":10,"column":23}},"loc":{"start":{"line":10,"column":36},"end":{"line":14,"column":1}},"line":10},"3":{"name":"(anonymous_3)","decl":{"start":{"line":16,"column":25},"end":{"line":16,"column":26}},"loc":{"start":{"line":16,"column":48},"end":{"line":20,"column":1}},"line":16},"4":{"name":"(anonymous_4)","decl":{"start":{"line":22,"column":25},"end":{"line":22,"column":26}},"loc":{"start":{"line":22,"column":39},"end":{"line":26,"column":1}},"line":22},"5":{"name":"(anonymous_5)","decl":{"start":{"line":28,"column":19},"end":{"line":28,"column":20}},"loc":{"start":{"line":28,"column":38},"end":{"line":37,"column":1}},"line":28},"6":{"name":"(anonymous_6)","decl":{"start":{"line":39,"column":24},"end":{"line":39,"column":25}},"loc":{"start":{"line":39,"column":47},"end":{"line":43,"column":1}},"line":39},"7":{"name":"(anonymous_7)","decl":{"start":{"line":45,"column":24},"end":{"line":45,"column":25}},"loc":{"start":{"line":46,"column":2},"end":{"line":46,"column":95}},"line":46}},"branchMap":{"0":{"loc":{"start":{"line":7,"column":31},"end":{"line":7,"column":42}},"type":"default-arg","locations":[{"start":{"line":7,"column":40},"end":{"line":7,"column":42}}],"line":7},"1":{"loc":{"start":{"line":12,"column":2},"end":{"line":12,"column":67}},"type":"if","locations":[{"start":{"line":12,"column":2},"end":{"line":12,"column":67}},{"start":{},"end":{}}],"line":12},"2":{"loc":{"start":{"line":18,"column":2},"end":{"line":18,"column":67}},"type":"if","locations":[{"start":{"line":18,"column":2},"end":{"line":18,"column":67}},{"start":{},"end":{}}],"line":18},"3":{"loc":{"start":{"line":24,"column":2},"end":{"line":24,"column":67}},"type":"if","locations":[{"start":{"line":24,"column":2},"end":{"line":24,"column":67}},{"start":{},"end":{}}],"line":24},"4":{"loc":{"start":{"line":32,"column":4},"end":{"line":34,"column":5}},"type":"if","locations":[{"start":{"line":32,"column":4},"end":{"line":34,"column":5}},{"start":{},"end":{}}],"line":32},"5":{"loc":{"start":{"line":41,"column":2},"end":{"line":41,"column":67}},"type":"if","locations":[{"start":{"line":41,"column":2},"end":{"line":41,"column":67}},{"start":{},"end":{}}],"line":41},"6":{"loc":{"start":{"line":45,"column":31},"end":{"line":45,"column":42}},"type":"default-arg","locations":[{"start":{"line":45,"column":40},"end":{"line":45,"column":42}}],"line":45
[...]
"start":{"line":5,"column":21},"end":{"line":5,"column":22}},"loc":{"start":{"line":5,"column":41},"end":{"line":11,"column":1}},"line":5},"1":{"name":"(anonymous_1)","decl":{"start":{"line":13,"column":21},"end":{"line":13,"column":22}},"loc":{"start":{"line":13,"column":31},"end":{"line":21,"column":1}},"line":13},"2":{"name":"(anonymous_2)","decl":{"start":{"line":15,"column":40},"end":{"line":15,"column":41}},"loc":{"start":{"line":15,"column":71},"end":{"line":19,"column":3}},"line":15},"3":{"name":"(anonymous_3)","decl":{"start":{"line":23,"column":19},"end":{"line":23,"column":20}},"loc":{"start":{"line":23,"column":38},"end":{"line":29,"column":1}},"line":23},"4":{"name":"(anonymous_4)","decl":{"start":{"line":31,"column":19},"end":{"line":31,"column":20}},"loc":{"start":{"line":31,"column":42},"end":{"line":35,"column":1}},"line":31},"5":{"name":"(anonymous_5)","decl":{"start":{"line":37,"column":16},"end":{"line":37,"column":17}},"loc":{"start":{"line":37,"column":82},"end":{"line":60,"column":1}},"line":37},"6":{"name":"(anonymous_6)","decl":{"start":{"line":49,"column":41},"end":{"line":49,"column":42}},"loc":{"start":{"line":49,"column":47},"end":{"line":49,"column":66}},"line":49},"7":{"name":"(anonymous_7)","decl":{"start":{"line":54,"column":29},"end":{"line":54,"column":30}},"loc":{"start":{"line":54,"column":37},"end":{"line":58,"column":5}},"line":54},"8":{"name":"(anonymous_8)","decl":{"start":{"line":62,"column":28},"end":{"line":62,"column":29}},"loc":{"start":{"line":62,"column":48},"end":{"line":62,"column":79}},"line":62},"9":{"name":"(anonymous_9)","decl":{"start":{"line":64,"column":19},"end":{"line":64,"column":20}},"loc":{"start":{"line":64,"column":33},"end":{"line":69,"column":1}},"line":64}},"branchMap":{"0":{"loc":{"start":{"line":7,"column":2},"end":{"line":9,"column":3}},"type":"if","locations":[{"start":{"line":7,"column":2},"end":{"line":9,"column":3}},{"start":{},"end":{}}],"line":7},"1":{"loc":{"start":{"line":33,"column":2},"end":{"line":33,"column":55}},"type":"if","locations":[{"start":{"line":33,"column":2},"end":{"line":33,"column":55}},{"start":{},"end":{}}],"line":33},"2":{"loc":{"start":{"line":37,"column":27},"end":{"line":37,"column":77}},"type":"default-arg","locations":[{"start":{"line":37,"column":37},"end":{"line":37,"column":77}}],"line":37},"3":{"loc":{"start":{"line":39,"column":2},"end":{"line":41,"column":3}},"type":"if","locations":[{"start":{"line":39,"column":2},"end":{"line":41,"column":3}},{"start":{},"end":{}}],"line":39},"4":{"loc":{"start":{"line":43,"column":2},"end":{"line":45,"column":3}},"type":"if","locations":[{"start":{"line":43,"column":2},"end":{"line":45,"column":3}},{"start":{},"end":{}}],"line":43},"5":{"loc":{"start":{"line":48,"column":2},"end":{"line":50,"column":3}},"type":"if","locations":[{"start":{"line":48,"column":2},"end":{"line":50,"column":3}},{"start":{},"end":{}}],"line":48},"6":{"loc":{"start":{"line":48,"column":6},"end":{"line":48,"column":46}},"type":"binary-expr","locations":[{"start":{"line":48,"column":6},"end":{"line":48,"column":27}},{"start":{"line":48,"column":31},"end":{"line":48,"column":46}}],"line":48},"7":{"loc":{"start":{"line":66,"column":2},"end":{"line":66,"column":55}},"type":"if","locations":[{"start":{"line":66,"column":2},"end":{"line":66,"column":55}},{"start":{},"end":{}}],"line":66}},"s":{"0":2,"1":2,"2":2,"3":2,"4":0,"5":0,"6":0,"7":0,"8":2,"9":0,"10":0,"11":0,"12":0,"13":2,"14":0,"15":0,"16":0,"17":0,"18":0,"19":2,"20":0,"21":0,"22":0,"23":0,"24":2,"25":0,"26":0,"27":0,"28":0,"29":0,"30":0,"31":0,"32":0,"33":0,"34":0,"35":0,"36":2,"37":0,"38":2,"39":0,"40":0,"41":0,"42":0,"43":0,"44":2},"f":{"0":0,"1":0,"2":0,"3":0,"4":0,"5":0,"6":0,"7":0,"8":0,"9":0},"b":{"0":[0,0],"1":[0,0],"2":[0],"3":[0,0],"4":[0,0],"5":[0,0],"6":[0,0],"7":[0,0]},"_coverageSchema":"1a1c01bbd47fc00a2c39e90264f33305004495a9","hash":"48f7d90c744c78c2df85ffe79b5725e170ab2462"}
,"C:\\Users\\Tuan Anh\\Downloads\\LMS\\src\\services\\user.service.js": {"path":"C:\\Users\\Tuan Anh\\Downloads\\LMS\\src\\services\\user.service.js","statementMap":{"0":{"start":{"line":1,"column":13},"end":{"line":1,"column":38}},"1":{"start":{"line":2,"column":17},"end":{"line":2,"column":45}},"2":{"start":{"line":3,"column":33},"end":{"line":3,"column":63}},"3":{"start":{"line":5,"column":18},"end":{"line":21,"column":1}},"4":{"start":{"line":6,"column":38},"end":{"line":6,"column":65}},"5":{"start":{"line":7,"column":25},"end":{"line":10,"column":4}},"6":{"start":{"line":12,"column":2},"end":{"line":20,"column":4}},"7":{"start":{"line":23,"column":20},"end":{"line":29,"column":1}},"8":{"start":{"line":24,"column":15},"end":{"line":24,"column":58}},"9":{"start":{"line":25,"column":2},"end":{"line":27,"column":3}},"10":{"start":{"line":26,"column":4},"end":{"line":26,"column":46}},"11":{"start":{"line":28,"column":2},"end":{"line":28,"column":14}},"12":{"start":{"line":31,"column":22},"end":{"line":37,"column":1}},"13":{"start":{"line":32,"column":15},"end":{"line":32,"column":112}},"14":{"start":{"line":33,"column":2},"end":{"line":35,"column":3}},"15":{"start":{"line":34,"column":4},"end":{"line":34,"column":46}},"16":{"start":{"line":36,"column":2},"end":{"line":36,"column":14}},"17":{"start":{"line":39,"column":0},"end":{"line":43,"column":2}}},"fnMap":{"0":{"name":"(anonymous_0)","decl":{"start":{"line":5,"column":18},"end":{"line":5,"column":19}},"loc":{"start":{"line":5,"column":53},"end":{"line":21,"column":1}},"line":5},"1":{"name":"(anonymous_1)","decl":{"start":{"line":23,"column":20},"end":{"line":23,"column":21}},"loc":{"start":{"line":23,"column":34},"end":{"line":29,"column":1}},"line":23},"2":{"name":"(anonymous_2)","decl":{"start":{"line":31,"column":22},"end":{"line":31,"column":23}},"loc":{"start":{"line":31,"column":45},"end":{"line":37,"column":1}},"line":31}},"branchMap":{"0":{"loc":{"start":{"line":5,"column":25},"end":{"line":5,"column":36}},"type":"default-arg","locations":[{"start":{"line":5,"column":34},"end":{"line":5,"column":36}}],"line":5},"1":{"loc":{"start":{"line":5,"column":38},"end":{"line":5,"column":48}},"type":"default-arg","locations":[{"start":{"line":5,"column":46},"end":{"line":5,"column":48}}],"line":5},"2":{"loc":{"start":{"line":25,"column":2},"end":{"line":27,"column":3}},"type":"if","locations":[{"start":{"line":25,"column":2},"end":{"line":27,"column":3}},{"start":{},"end":{}}],"line":25},"3":{"loc":{"start":{"line":33,"column":2},"end":{"line":35,"column":3}},"type":"if","locations":[{"start":{"line":33,"column":2},"end":{"line":35,"column":3}},{"start":{},"end":{}}],"line":33}},"s":{"0":2,"1":2,"2":2,"3":2,"4":0,"5":0,"6":0,"7":2,"8":0,"9":0,"10":0,"11":0,"12":2,"13":0,"14":0,"15":0,"16":0,"17":2},"f":{"0":0,"1":0,"2":0},"b":{"0":[0],"1":[0],"2":[0,0],"3":[0,0]},"_coverageSchema":"1a1c01bbd47fc00a2c39e90264f33305004495a9","hash":"4d5983dab0b97828d446a1d825f9e498b19045e8"}
,"C:\\Users\\Tuan Anh\\Downloads\\LMS\\src\\utils\\ApiError.js": {"path":"C:\\Users\\Tuan Anh\\Downloads\\LMS\\src\\utils\\ApiError.js","statementMap":{"0":{"start":{"line":3,"column":4},"end":{"line":3,"column":19}},"1":{"start":{"line":4,"column":4},"end":{"line":4,"column":33}},"2":{"start":{"line":5,"column":4},"end":{"line":5,"column":25}},"3":{"start":{"line":9,"column":0},"end":{"line":9,"column":26}}},"fnMap":{"0":{"name":"(anonymous_0)","decl":{"start":{"line":2,"column":2},"end":{"line":2,"column":3}},"loc":{"start":{"line":2,"column":48},"end":{"line":6,"column":3}},"line":2}},"branchMap":{"0":{"loc":{"start":{"line":2,"column":35},"end":{"line":2,"column":46}},"type":"default-arg","locations":[{"start":{"line":2,"column":44},"end":{"line":2,"column":46}}],"line":2}},"s":{"0":0,"1":0,"2":0,"3":2},"f":{"0":0},"b":{"0":[0]},"_coverageSchema":"1a1c01bbd47fc00a2c39e90264f33305004495a9","hash":"d072c884ebebab17b67b6220fab97789467057f3"}
,"C:\\Users\\Tuan Anh\\Downloads\\LMS\\src\\utils\\ApiResponse.js": {"path":"C:\\Users\\Tuan Anh\\Downloads\\LMS\\src\\utils\\ApiResponse.js","statementMap":{"0":{"start":{"line":3,"column":4},"end":{"line":3,"column":36}},"1":{"start":{"line":4,"column":4},"end":{"line":4,"column":33}},"2":{"start":{"line":5,"column":4},"end":{"line":5,"column":27}},"3":{"start":{"line":6,"column":4},"end":{"line":6,"column":21}},"4":{"start":{"line":10,"column":0},"end":{"line":10,"column":29}}},"fnMap":{"0":{"name":"(anonymous_0)","decl":{"start":{"line":2,"column":2},"end":{"line":2,"column":3}},"loc":{"start":{"line":2,"column":48},"end":{"line":7,"column":3}},"line":2}},"branchMap":{"0":{"loc":{"start":{"line":2,"column":35},"end":{"line":2,"column":46}},"type":"default-arg","locations":[{"start":{"line":2,"column":42},"end":{"line":2,"column":46}}],"line":2}},"s":{"0":6,"1":6,"2":6,"3":6,"4":2},"f":{"0":6},"b":{"0":[0]},"_coverageSchema":"1a1c01bbd47fc00a2c39e90264f33305004495a9","hash":"bab6010ea1d7518bcc7f64b87dba514a9e1cebfd"}
,"C:\\Users\\Tuan Anh\\Downloads\\LMS\\src\\utils\\email.js": {"path":"C:\\Users\\Tuan Anh\\Downloads\\LMS\\src\\utils\\email.js","statementMap":{"0":{"start":{"line":1,"column":19},"end":{"line":1,"column":40}},"1":{"start":{"line":2,"column":15},"end":{"line":2,"column":34}},"2":{"start":{"line":10,"column":4},"end":{"line":10,"column":15}},"3":{"start":{"line":13,"column":2},"end":{"line":23,"column":10}},"4":{"start":{"line":25,"column":18},"end":{"line":37,"column":1}},"5":{"start":{"line":26,"column":2},"end":{"line":29,"column":3}},"6":{"start":{"line":27,"column":4},"end":{"line":27,"column":71}},"7":{"start":{"line":28,"column":4},"end":{"line":28,"column":11}},"8":{"start":{"line":31,"column":2},"end":{"line":36,"column":5}},"9":{"start":{"line":39,"column":0},"end":{"line":41,"column":2}}},"fnMap":{"0":{"name":"(anonymous_0)","decl":{"start":{"line":25,"column":18},"end":{"line":25,"column":19}},"loc":{"start":{"line":25,"column":51},"end":{"line":37,"column":1}},"line":25}},"branchMap":{"0":{"loc":{"start":{"line":9,"column":2},"end":{"line":9,"column":41}},"type":"default-arg","locations":[{"start":{"line":9,"column":15},"end":{"line":9,"column":41}}],"line":9},"1":{"loc":{"start":{"line":13,"column":2},"end":{"line":23,"column":10}},"type":"cond-expr","locations":[{"start":{"line":14,"column":6},"end":{"line":22,"column":8}},{"start":{"line":23,"column":6},"end":{"line":23,"column":10}}],"line":13},"2":{"loc":{"start":{"line":13,"column":2},"end":{"line":13,"column":24}},"type":"binary-expr","locations":[{"start":{"line":13,"column":2},"end":{"line":13,"column":11}},{"start":{"line":13,"column":15},"end":{"line":13,"column":24}}],"line":13},"3":{"loc":{"start":{"line":16,"column":14},"end":{"line":16,"column":38}},"type":"binary-expr","locations":[{"start":{"line":16,"column":14},"end":{"line":16,"column":31}},{"start":{"line":16,"column":35},"end":{"line":16,"column":38}}],"line":16},"4":{"loc":{"start":{"line":26,"column":2},"end":{"line":29,"column":3}},"type":"if","locations":[{"start":{"line":26,"column":2},"end":{"line":29,"column":3}},{"start":{},"end":{}}],"line":26}},"s":{"0":2,"1":2,"2":2,"3":2,"4":2,"5":0,"6":0,"7":0,"8":0,"9":2},"f":{"0":0},"b":{"0":[2],"1":[0,2],"2":[2,0],"3":[0,0],"4":[0,0]},"_coverageSchema":"1a1c01bbd47fc00a2c39e90264f33305004495a9","hash":"9e7759a713ceee989c1d2c285eac2dcff9e49077"}
,"C:\\Users\\Tuan Anh\\Downloads\\LMS\\src\\utils\\jwt.js": {"path":"C:\\Users\\Tuan Anh\\Downloads\\LMS\\src\\utils\\jwt.js","statementMap":{"0":{"start":{"line":1,"column":12},"end":{"line":1,"column":35}},"1":{"start":{"line":3,"column":24},"end":{"line":6,"column":2}},"2":{"start":{"line":3,"column":31},"end":{"line":6,"column":1}},"3":{"start":{"line":8,"column":25},"end":{"line":11,"column":2}},"4":{"start":{"line":8,"column":32},"end":{"line":11,"column":1}},"5":{"start":{"line":13,"column":18},"end":{"line":16,"column":4}},"6":{"start":{"line":14,"column":2},"end":{"line":16,"column":4}},"7":{"start":{"line":18,"column":20},"end":{"line":18,"column":64}},"8":{"start":{"line":18,"column":39},"end":{"line":18,"column":64}},"9":{"start":{"line":20,"column":28},"end":{"line":23,"column":1}},"10":{"start":{"line":21,"column":32},"end":{"line":21,"column":49}},"11":{"start":{"line":22,"column":2},"end":{"line":22,"column":47}},"12":{"start":{"line":25,"column":29},"end":{"line":28,"column":1}},"13":{"start":{"line":26,"column":32},"end":{"line":26,"column":50}},"14":{"start":{"line":27,"column":2},"end":{"line":27,"column":47}},"15":{"start":{"line":30,"column":26},"end":{"line":33,"column":1}},"16":{"start":{"line":31,"column":21},"end":{"line":31,"column":38}},"17":{"start":{"line":32,"column":2},"end":{"line":32,"column":36}},"18":{"start":{"line":35,"column":27},"end":{"line":38,"column":1}},"19":{"start":{"line":36,"column":21},"end":{"line":36,"column":39}},"20":{"start":{"line":37,"column":2},"end":{"line":37,"column":36}},"21":{"start":{"line":40,"column":0},"end":{"line":45,"column":2}}},"fnMap":{"0":{"name":"(anonymous_0)","decl":{"start":{"line":3,"column":24},"end":{"line":3,"column":25}},"loc":{"start":{"line":3,"column":31},"end":{"line":6,"column":1}},"line":3},"1":{"name":"(anonymous_1)","decl":{"start":{"line":8,"column":25},"end":{"line":8,"column":26}},"loc":{"start":{"line":8,"column":32},"end":{"line":11,"column":1}},"line":8},"2":{"name":"(anonymous_2)","decl":{"start":{"line":13,"column":18},"end":{"line":13,"column":19}},"loc":{"start":{"line":14,"column":2},"end":{"line":16,"column":4}},"line":14},"3":{"name":"(anonymous_3)","decl":{"start":{"line":18,"column":20},"end":{"line":18,"column":21}},"loc":{"start":{"line":18,"column":39},"end":{"line":18,"column":64}},"line":18},"4":{"name":"(anonymous_4)","decl":{"start":{"line":20,"column":28},"end":{"line":20,"column":29}},"loc":{"start":{"line":20,"column":41},"end":{"line":23,"column":1}},"line":20},"5":{"name":"(anonymous_5)","decl":{"start":{"line":25,"column":29},"end":{"line":25,"column":30}},"loc":{"start":{"line":25,"column":42},"end":{"line":28,"column":1}},"line":25},"6":{"name":"(anonymous_6)","decl":{"start":{"line":30,"column":26},"end":{"line":30,"column":27}},"loc":{"start":{"line":30,"column":37},"end":{"line":33,"column":1}},"line":30},"7":{"name":"(anonymous_7)","decl":{"start":{"line":35,"column":27},"end":{"line":35,"column":28}},"loc":{"start":{"line":35,"column":38},"end":{"line":38,"column":1}},"line":35}},"branchMap":{"0":{"loc":{"start":{"line":4,"column":10},"end":{"line":4,"column":49}},"type":"binary-expr","locations":[{"start":{"line":4,"column":10},"end":{"line":4,"column":32}},{"start":{"line":4,"column":36},"end":{"line":4,"column":49}}],"line":4},"1":{"loc":{"start":{"line":5,"column":13},"end":{"line":5,"column":48}},"type":"binary-expr","locations":[{"start":{"line":5,"column":13},"end":{"line":5,"column":39}},{"start":{"line":5,"column":43},"end":{"line":5,"column":48}}],"line":5},"2":{"loc":{"start":{"line":9,"column":10},"end":{"line":9,"column":64}},"type":"binary-expr","locations":[{"start":{"line":9,"column":10},"end":{"line":9,"column":40}},{"start":{"line":9,"column":44},"end":{"line":9,"column":64}}],"line":9},"3":{"loc":{"start":{"line":10,"column":13},"end":{"line":10,"column":55}},"type":"binary-expr","locations":[{"start":{"line":10,"column":13},"end":{"line":10,"column":47}},{"start":{"line":10,"column":51},"end":{"line":10,"column":55}}],"line":10}},"s":{"0":2,"1":2,"2":7,"3":2,"4":3,"5":2,"6":8,"7":2,"8":2,"9":2,"10":5,"11":5,"12":2,"13":3,"14":3,"15":2,"16":2,"17":2,"18":2,"19":0,"20":0,"21":2},"f":{"0":7,"1":3,"2":8,"3":2,"4":5,"5":3,"6":2,"7":0},"b":{"0":[7,0],"1":[7,0],"2":[3,0],"3":[3,0]},"_coverageSchema":"1a1c01bbd47fc00a2c39e90264f33305004495a9","hash":"7e207c41dd55ecf2879ea014fdf203f0cc1dd8e7"}
,"C:\\Users\\Tuan Anh\\Downloads\\LMS\\src\\utils\\logger.js": {"path":"C:\\Users\\Tuan Anh\\Downloads\\LMS\\src\\utils\\logger.js","statementMap":{"0":{"start":{"line":1,"column":12},"end":{"line":15,"column":1}},"1":{"start":{"line":2,"column":18},"end":{"line":7,"column":3}},"2":{"start":{"line":9,"column":2},"end":{"line":12,"column":3}},"3":{"start":{"line":10,"column":4},"end":{"line":10,"column":27}},"4":{"start":{"line":11,"column":4},"end":{"line":11,"column":11}},"5":{"start":{"line":14,"column":2},"end":{"line":14,"column":23}},"6":{"start":{"line":17,"column":0},"end":{"line":20,"column":2}},"7":{"start":{"line":18,"column":27},"end":{"line":18,"column":53}},"8":{"start":{"line":19,"column":28},"end":{"line":19,"column":55}}},"fnMap":{"0":{"name":"(anonymous_0)","decl":{"start":{"line":1,"column":12},"end":{"line":1,"column":13}},"loc":{"start":{"line":1,"column":43},"end":{"line":15,"column":1}},"line":1},"1":{"name":"(anonymous_1)","decl":{"start":{"line":18,"column":8},"end":{"line":18,"column":9}},"loc":{"start":{"line":18,"column":27},"end":{"line":18,"column":53}},"line":18},"2":{"name":"(anonymous_2)","decl":{"start":{"line":19,"column":9},"end":{"line":19,"column":10}},"loc":{"start":{"line":19,"column":28},"end":{"line":19,"column":55}},"line":19}},"branchMap":{"0":{"loc":{"start":{"line":1,"column":29},"end":{"line":1,"column":38}},"type":"default-arg","locations":[{"start":{"line":1,"column":36},"end":{"line":1,"column":38}}],"line":1},"1":{"loc":{"start":{"line":9,"column":2},"end":{"line":12,"column":3}},"type":"if","locations":[{"start":{"line":9,"column":2},"end":{"line":12,"column":3}},{"start":{},"end":{}}],"line":9}},"s":{"0":2,"1":0,"2":0,"3":0,"4":0,"5":0,"6":2,"7":0,"8":0},"f":{"0":0,"1":0,"2":0},"b":{"0":[0],"1":[0,0]},"_coverageSchema":"1a1c01bbd47fc00a2c39e90264f33305004495a9","hash":"a05eff61ff97fc40985bfd02fb3d3ef5c7691806"}
,"C:\\Users\\Tuan Anh\\Downloads\\LMS\\src\\utils\\pagination.js": {"path":"C:\\Users\\Tuan Anh\\Downloads\\LMS\\src\\utils\\pagination.js","statementMap":{"0":{"start":{"line":1,"column":21},"end":{"line":1,"column":22}},"1":{"start":{"line":2,"column":22},"end":{"line":2,"column":24}},"2":{"start":{"line":4,"column":29},"end":{"line":18,"column":1}},"3":{"start":{"line":5,"column":15},"end":{"line":5,"column":68}},"4":{"start":{"line":6,"column":16},"end":{"line":6,"column":86}},"5":{"start":{"line":7,"column":15},"end":{"line":7,"column":33}},"6":{"start":{"line":9,"column":17},"end":{"line":9,"column":44}},"7":{"start":{"line":10,"column":20},"end":{"line":10,"column":54}},"8":{"start":{"line":12,"column":2},"end":{"line":17,"column":4}},"9":{"start":{"line":20,"column":0},"end":{"line":22,"column":2}}},"fnMap":{"0":{"name":"(anonymous_0)","decl":{"start":{"line":4,"column":29},"end":{"line":4,"column":30}},"loc":{"start":{"line":4,"column":45},"end":{"line":18,"column":1}},"line":4}},"branchMap":{"0":{"loc":{"start":{"line":4,"column":30},"end":{"line":4,"column":40}},"type":"default-arg","locations":[{"start":{"line":4,"column":38},"end":{"line":4,"column":40}}],"line":4},"1":{"loc":{"start":{"line":5,"column":24},"end":{"line":5,"column":64}},"type":"binary-expr","locations":[{"start":{"line":5,"column":24},"end":{"line":5,"column":48}},{"start":{"line":5,"column":52},"end":{"line":5,"column":64}}],"line":5},"2":{"loc":{"start":{"line":6,"column":34},"end":{"line":6,"column":76}},"type":"binary-expr","locations":[{"start":{"line":6,"column":34},"end":{"line":6,"column":59}},{"start":{"line":6,"column":63},"end":{"line":6,"column":76}}],"line":6},"3":{"loc":{"start":{"line":9,"column":17},"end":{"line":9,"column":44}},"type":"binary-expr","locations":[{"start":{"line":9,"column":17},"end":{"line":9,"column":29}},{"start":{"line":9,"column":33},"end":{"line":9,"column":44}}],"line":9},"4":{"loc":{"start":{"line":10,"column":20},"end":{"line":10,"column":54}},"type":"cond-expr","locations":[{"start":{"line":10,"column":48},"end":{"line":10,"column":49}},{"start":{"line":10,"column":52},"end":{"line":10,"column":54}}],"line":10}},"s":{"0":2,"1":2,"2":2,"3":0,"4":0,"5":0,"6":0,"7":0,"8":0,"9":2},"f":{"0":0},"b":{"0":[0],"1":[0,0],"2":[0,0],"3":[0,0],"4":[0,0]},"_coverageSchema":"1a1c01bbd47fc00a2c39e90264f33305004495a9","hash":"5013d59cf3b6af3d3be5c64cc491be9bb1c49db0"}
}
